This file contains any messages produced by compilers while
running configure, to aid debugging if configure makes a mistake.

It was created by jasper configure 1.900.1, which was
generated by GNU Autoconf 2.63.  Invocation command line was

  $ ./configure --prefix=/project/projectdirs/incite11/whitaker/edison

## --------- ##
## Platform. ##
## --------- ##

hostname = edison01
uname -m = x86_64
uname -r = 3.0.38-0.5-default
uname -s = Linux
uname -v = #1 SMP Fri Aug 3 09:02:17 UTC 2012 (358029e)

/usr/bin/uname -p = unknown
/bin/uname -X     = unknown

/bin/arch              = x86_64
/usr/bin/arch -k       = unknown
/usr/convex/getsysinfo = unknown
/usr/bin/hostinfo      = unknown
/bin/machine           = unknown
/usr/bin/oslevel       = unknown
/bin/universe          = unknown

PATH: /opt/gcc/4.7.2/bin
PATH: /usr/common/usg/python/ipython/0.13.1/bin
PATH: /usr/common/usg/python/matplotlib/1.1.0/bin
PATH: /usr/common/usg/python/scipy/0.11.0/bin
PATH: /usr/common/usg/python/numpy/1.6.2/bin
PATH: /usr/common/usg/python/2.7.3/bin
PATH: /opt/fftw/3.3.0.1/x86_64/bin
PATH: /usr/common/usg/darshan/2.2.5-pre3/bin
PATH: /usr/common/usg/darshan/2.2.5-pre3/../craype/1.01/bin
PATH: /usr/common/usg/altd/1.0/bin
PATH: /usr/common/usg/mysql/default/bin
PATH: /usr/common/usg/bin
PATH: /usr/common/mss/bin
PATH: /usr/common/nsg/bin
PATH: /opt/moab/7.2.0/bin
PATH: /opt/moab/7.2.0/sbin
PATH: /opt/torque/4.1.4/sbin
PATH: /opt/torque/4.1.4/bin
PATH: /opt/cray/atp/1.6.1/bin
PATH: /opt/cray/rca/1.0.0-2.0500.37705.3.12.ari/bin
PATH: /opt/cray/alps/5.0.1-2.0500.7663.1.1.ari/sbin
PATH: /opt/cray/alps/5.0.1-2.0500.7663.1.1.ari/bin
PATH: /opt/cray/dvs/2.2_0.9.0-1.0500.1388.1.156.ari/sbin
PATH: /opt/cray/dvs/2.2_0.9.0-1.0500.1388.1.156.ari/bin
PATH: /opt/cray/csa/3.0.0-1_2.0500.37464.3.21.ari/sbin
PATH: /opt/cray/csa/3.0.0-1_2.0500.37464.3.21.ari/bin
PATH: /opt/cray/job/1.5.5-0.1_2.0500.35831.1.76.ari/bin
PATH: /opt/cray/xpmem/0.1-2.0500.36799.3.6.ari/bin
PATH: /opt/cray/dmapp/4.0.1-1.0500.5932.6.5.ari/bin
PATH: /opt/cray/pmi/4.0.1-1.0000.9421.73.3.ari/bin
PATH: /opt/cray/ugni/4.0-1.0500.5836.7.58.ari/bin
PATH: /opt/cray/udreg/2.3.2-1.0500.5931.3.1.ari/bin
PATH: /opt/intel/composer_xe_2013.1.117/bin/intel64
PATH: /opt/intel/composer_xe_2013.1.117/mpirt/bin/intel64
PATH: /opt/cray/craype/1.01/bin
PATH: /opt/cray/switch/1.0-1.0500.37046.2.39.ari/bin
PATH: /opt/cray/eslogin/eswrap/1.0.19-1.010001.264.0/bin
PATH: /usr/syscom/nsg/sbin
PATH: /usr/syscom/nsg/bin
PATH: /opt/modules/3.2.6.6/bin
PATH: /global/homes/w/whitaker/bin
PATH: /usr/bin
PATH: /bin
PATH: /usr/sbin
PATH: /sbin
PATH: /usr/local/bin
PATH: /usr/bin/X11
PATH: /usr/X11R6/bin
PATH: /usr/games
PATH: /usr/lib/mit/bin
PATH: /usr/lib/mit/sbin
PATH: /usr/lib/qt3/bin
PATH: /opt/cray/bin


## ----------- ##
## Core tests. ##
## ----------- ##

configure:2118: checking build system type
configure:2136: result: x86_64-unknown-linux-gnu
configure:2158: checking host system type
configure:2173: result: x86_64-unknown-linux-gnu
configure:2195: checking target system type
configure:2210: result: x86_64-unknown-linux-gnu
configure:2255: checking for a BSD-compatible install
configure:2323: result: /usr/bin/install -c
configure:2334: checking whether build environment is sane
configure:2377: result: yes
configure:2439: checking for gawk
configure:2455: found /usr/bin/gawk
configure:2466: result: gawk
configure:2477: checking whether make sets $(MAKE)
configure:2499: result: yes
configure:2787: checking for gcc
configure:2803: found /opt/gcc/4.7.2/bin/gcc
configure:2814: result: gcc
configure:3046: checking for C compiler version
configure:3054: gcc --version >&5
gcc (GCC) 4.7.2 20120920 (Cray Inc.)
Copyright (C) 2012 Free Software Foundation, Inc.
This is free software; see the source for copying conditions.  There is NO
warranty; not even for MERCHANTABILITY or FITNESS FOR A PARTICULAR PURPOSE.

configure:3058: $? = 0
configure:3065: gcc -v >&5
Using built-in specs.
COLLECT_GCC=/opt/gcc/4.7.2/bin/../snos/bin/gcc
COLLECT_LTO_WRAPPER=/opt/gcc/4.7.2/snos/libexec/gcc/x86_64-suse-linux/4.7.2/lto-wrapper
Target: x86_64-suse-linux
Configured with: ../xt-gcc-4.7.2/configure --prefix=/opt/gcc/4.7.2/snos --disable-nls --libdir=/opt/gcc/4.7.2/snos/lib --enable-languages=c,c++,fortran --with-gxx-include-dir=/opt/gcc/4.7.2/snos/include/g++ --with-slibdir=/opt/gcc/4.7.2/snos/lib --with-system-zlib --enable-shared --enable-__cxa_atexit x86_64-suse-linux --with-mpc=/opt/gcc/mpc/0.8.1 --with-mpfr=/opt/gcc/mpfr/2.4.2 --with-gmp=/opt/gcc/gmp/4.3.2 --with-sysroot=
Thread model: posix
gcc version 4.7.2 20120920 (Cray Inc.) (GCC) 
configure:3069: $? = 0
configure:3076: gcc -V >&5
gcc: error: unrecognized command line option '-V'
gcc: fatal error: no input files
compilation terminated.
configure:3080: $? = 1
configure:3103: checking for C compiler default output file name
configure:3125: gcc -O2 -fPIC   conftest.c  >&5
configure:3129: $? = 0
configure:3167: result: a.out
configure:3186: checking whether the C compiler works
configure:3196: ./a.out
configure:3200: $? = 0
configure:3219: result: yes
configure:3226: checking whether we are cross compiling
configure:3228: result: no
configure:3231: checking for suffix of executables
configure:3238: gcc -o conftest -O2 -fPIC   conftest.c  >&5
configure:3242: $? = 0
configure:3268: result: 
configure:3274: checking for suffix of object files
configure:3300: gcc -c -O2 -fPIC  conftest.c >&5
configure:3304: $? = 0
configure:3329: result: o
configure:3333: checking whether we are using the GNU C compiler
configure:3362: gcc -c -O2 -fPIC  conftest.c >&5
configure:3369: $? = 0
configure:3386: result: yes
configure:3395: checking whether gcc accepts -g
configure:3425: gcc -c -g  conftest.c >&5
configure:3432: $? = 0
configure:3533: result: yes
configure:3550: checking for gcc option to accept ISO C89
configure:3624: gcc  -c -O2 -fPIC  conftest.c >&5
configure:3631: $? = 0
configure:3654: result: none needed
configure:3683: checking for style of include used by make
configure:3711: result: GNU
configure:3739: checking dependency style of gcc
configure:3829: result: gcc3
configure:3860: checking for a BSD-compatible install
configure:3928: result: /usr/bin/install -c
configure:3982: checking for ranlib
configure:3998: found /usr/bin/ranlib
configure:4009: result: ranlib
configure:4108: checking for a sed that does not truncate output
configure:4164: result: /usr/bin/sed
configure:4167: checking for grep that handles long lines and -e
configure:4227: result: /usr/bin/grep
configure:4232: checking for egrep
configure:4296: result: /usr/bin/grep -E
configure:4312: checking for ld used by gcc
configure:4379: result: /usr/common/usg/altd/1.0/bin/ld
configure:4388: checking if the linker (/usr/common/usg/altd/1.0/bin/ld) is GNU ld
configure:4403: result: yes
configure:4408: checking for /usr/common/usg/altd/1.0/bin/ld option to reload object files
configure:4415: result: -r
configure:4433: checking for BSD-compatible nm
configure:4482: result: /usr/bin/nm -B
configure:4486: checking whether ln -s works
configure:4490: result: yes
configure:4497: checking how to recognise dependent libraries
configure:4673: result: pass_all
configure:4761: gcc -c -O2 -fPIC  conftest.c >&5
configure:4764: $? = 0
configure:4911: checking how to run the C preprocessor
configure:4951: gcc -E  conftest.c
configure:4958: $? = 0
configure:4989: gcc -E  conftest.c
conftest.c:12:28: fatal error: ac_nonexistent.h: No such file or directory
compilation terminated.
configure:4996: $? = 1
configure: failed program was:
| /* confdefs.h.  */
| #define PACKAGE_NAME "jasper"
| #define PACKAGE_TARNAME "jasper"
| #define PACKAGE_VERSION "1.900.1"
| #define PACKAGE_STRING "jasper 1.900.1"
| #define PACKAGE_BUGREPORT ""
| #define PACKAGE "jasper"
| #define VERSION "1.900.1"
| #define JAS_VERSION "1.900.1"
| #define JAS_CONFIGURE 1
| /* end confdefs.h.  */
| #include <ac_nonexistent.h>
configure:5029: result: gcc -E
configure:5058: gcc -E  conftest.c
configure:5065: $? = 0
configure:5096: gcc -E  conftest.c
conftest.c:12:28: fatal error: ac_nonexistent.h: No such file or directory
compilation terminated.
configure:5103: $? = 1
configure: failed program was:
| /* confdefs.h.  */
| #define PACKAGE_NAME "jasper"
| #define PACKAGE_TARNAME "jasper"
| #define PACKAGE_VERSION "1.900.1"
| #define PACKAGE_STRING "jasper 1.900.1"
| #define PACKAGE_BUGREPORT ""
| #define PACKAGE "jasper"
| #define VERSION "1.900.1"
| #define JAS_VERSION "1.900.1"
| #define JAS_CONFIGURE 1
| /* end confdefs.h.  */
| #include <ac_nonexistent.h>
configure:5143: checking for ANSI C header files
configure:5173: gcc -c -O2 -fPIC  conftest.c >&5
configure:5180: $? = 0
configure:5279: gcc -o conftest -O2 -fPIC   conftest.c  >&5
configure:5283: $? = 0
configure:5289: ./conftest
configure:5293: $? = 0
configure:5311: result: yes
configure:5335: checking for sys/types.h
configure:5356: gcc -c -O2 -fPIC  conftest.c >&5
configure:5363: $? = 0
configure:5380: result: yes
configure:5335: checking for sys/stat.h
configure:5356: gcc -c -O2 -fPIC  conftest.c >&5
configure:5363: $? = 0
configure:5380: result: yes
configure:5335: checking for stdlib.h
configure:5356: gcc -c -O2 -fPIC  conftest.c >&5
configure:5363: $? = 0
configure:5380: result: yes
configure:5335: checking for string.h
configure:5356: gcc -c -O2 -fPIC  conftest.c >&5
configure:5363: $? = 0
configure:5380: result: yes
configure:5335: checking for memory.h
configure:5356: gcc -c -O2 -fPIC  conftest.c >&5
configure:5363: $? = 0
configure:5380: result: yes
configure:5335: checking for strings.h
configure:5356: gcc -c -O2 -fPIC  conftest.c >&5
configure:5363: $? = 0
configure:5380: result: yes
configure:5335: checking for inttypes.h
configure:5356: gcc -c -O2 -fPIC  conftest.c >&5
configure:5363: $? = 0
configure:5380: result: yes
configure:5335: checking for stdint.h
configure:5356: gcc -c -O2 -fPIC  conftest.c >&5
configure:5363: $? = 0
configure:5380: result: yes
configure:5335: checking for unistd.h
configure:5356: gcc -c -O2 -fPIC  conftest.c >&5
configure:5363: $? = 0
configure:5380: result: yes
configure:5410: checking dlfcn.h usability
configure:5427: gcc -c -O2 -fPIC  conftest.c >&5
configure:5434: $? = 0
configure:5448: result: yes
configure:5452: checking dlfcn.h presence
configure:5467: gcc -E  conftest.c
configure:5474: $? = 0
configure:5488: result: yes
configure:5516: checking for dlfcn.h
configure:5525: result: yes
configure:5598: checking for g++
configure:5614: found /opt/gcc/4.7.2/bin/g++
configure:5625: result: g++
configure:5652: checking for C++ compiler version
configure:5660: g++ --version >&5
g++ (GCC) 4.7.2 20120920 (Cray Inc.)
Copyright (C) 2012 Free Software Foundation, Inc.
This is free software; see the source for copying conditions.  There is NO
warranty; not even for MERCHANTABILITY or FITNESS FOR A PARTICULAR PURPOSE.

configure:5664: $? = 0
configure:5671: g++ -v >&5
Using built-in specs.
COLLECT_GCC=/opt/gcc/4.7.2/bin/../snos/bin/g++
COLLECT_LTO_WRAPPER=/opt/gcc/4.7.2/snos/libexec/gcc/x86_64-suse-linux/4.7.2/lto-wrapper
Target: x86_64-suse-linux
Configured with: ../xt-gcc-4.7.2/configure --prefix=/opt/gcc/4.7.2/snos --disable-nls --libdir=/opt/gcc/4.7.2/snos/lib --enable-languages=c,c++,fortran --with-gxx-include-dir=/opt/gcc/4.7.2/snos/include/g++ --with-slibdir=/opt/gcc/4.7.2/snos/lib --with-system-zlib --enable-shared --enable-__cxa_atexit x86_64-suse-linux --with-mpc=/opt/gcc/mpc/0.8.1 --with-mpfr=/opt/gcc/mpfr/2.4.2 --with-gmp=/opt/gcc/gmp/4.3.2 --with-sysroot=
Thread model: posix
gcc version 4.7.2 20120920 (Cray Inc.) (GCC) 
configure:5675: $? = 0
configure:5682: g++ -V >&5
g++: error: unrecognized command line option '-V'
g++: fatal error: no input files
compilation terminated.
configure:5686: $? = 1
configure:5689: checking whether we are using the GNU C++ compiler
configure:5718: g++ -c   conftest.cpp >&5
configure:5725: $? = 0
configure:5742: result: yes
configure:5751: checking whether g++ accepts -g
configure:5781: g++ -c -g  conftest.cpp >&5
configure:5788: $? = 0
configure:5889: result: yes
configure:5914: checking dependency style of g++
configure:6004: result: gcc3
configure:6031: checking how to run the C++ preprocessor
configure:6067: g++ -E  conftest.cpp
configure:6074: $? = 0
configure:6105: g++ -E  conftest.cpp
conftest.cpp:23:28: fatal error: ac_nonexistent.h: No such file or directory
compilation terminated.
configure:6112: $? = 1
configure: failed program was:
| /* confdefs.h.  */
| #define PACKAGE_NAME "jasper"
| #define PACKAGE_TARNAME "jasper"
| #define PACKAGE_VERSION "1.900.1"
| #define PACKAGE_STRING "jasper 1.900.1"
| #define PACKAGE_BUGREPORT ""
| #define PACKAGE "jasper"
| #define VERSION "1.900.1"
| #define JAS_VERSION "1.900.1"
| #define JAS_CONFIGURE 1
| #define STDC_HEADERS 1
| #define HAVE_SYS_TYPES_H 1
| #define HAVE_SYS_STAT_H 1
| #define HAVE_STDLIB_H 1
| #define HAVE_STRING_H 1
| #define HAVE_MEMORY_H 1
| #define HAVE_STRINGS_H 1
| #define HAVE_INTTYPES_H 1
| #define HAVE_STDINT_H 1
| #define HAVE_UNISTD_H 1
| #define HAVE_DLFCN_H 1
| /* end confdefs.h.  */
| #include <ac_nonexistent.h>
configure:6145: result: g++ -E
configure:6174: g++ -E  conftest.cpp
configure:6181: $? = 0
configure:6212: g++ -E  conftest.cpp
conftest.cpp:23:28: fatal error: ac_nonexistent.h: No such file or directory
compilation terminated.
configure:6219: $? = 1
configure: failed program was:
| /* confdefs.h.  */
| #define PACKAGE_NAME "jasper"
| #define PACKAGE_TARNAME "jasper"
| #define PACKAGE_VERSION "1.900.1"
| #define PACKAGE_STRING "jasper 1.900.1"
| #define PACKAGE_BUGREPORT ""
| #define PACKAGE "jasper"
| #define VERSION "1.900.1"
| #define JAS_VERSION "1.900.1"
| #define JAS_CONFIGURE 1
| #define STDC_HEADERS 1
| #define HAVE_SYS_TYPES_H 1
| #define HAVE_SYS_STAT_H 1
| #define HAVE_STDLIB_H 1
| #define HAVE_STRING_H 1
| #define HAVE_MEMORY_H 1
| #define HAVE_STRINGS_H 1
| #define HAVE_INTTYPES_H 1
| #define HAVE_STDINT_H 1
| #define HAVE_UNISTD_H 1
| #define HAVE_DLFCN_H 1
| /* end confdefs.h.  */
| #include <ac_nonexistent.h>
configure:6314: checking for g77
configure:6344: result: no
configure:6314: checking for xlf
configure:6344: result: no
configure:6314: checking for f77
configure:6344: result: no
configure:6314: checking for frt
configure:6344: result: no
configure:6314: checking for pgf77
configure:6344: result: no
configure:6314: checking for cf77
configure:6344: result: no
configure:6314: checking for fort77
configure:6344: result: no
configure:6314: checking for fl32
configure:6344: result: no
configure:6314: checking for af77
configure:6344: result: no
configure:6314: checking for xlf90
configure:6344: result: no
configure:6314: checking for f90
configure:6344: result: no
configure:6314: checking for pgf90
configure:6344: result: no
configure:6314: checking for pghpf
configure:6344: result: no
configure:6314: checking for epcf90
configure:6344: result: no
configure:6314: checking for gfortran
configure:6330: found /opt/gcc/4.7.2/bin/gfortran
configure:6341: result: gfortran
configure:6367: checking for Fortran 77 compiler version
configure:6375: gfortran --version >&5
GNU Fortran (GCC) 4.7.2 20120920 (Cray Inc.)
Copyright (C) 2012 Free Software Foundation, Inc.

GNU Fortran comes with NO WARRANTY, to the extent permitted by law.
You may redistribute copies of GNU Fortran
under the terms of the GNU General Public License.
For more information about these matters, see the file named COPYING

configure:6379: $? = 0
configure:6386: gfortran -v >&5
Using built-in specs.
COLLECT_GCC=/opt/gcc/4.7.2/bin/../snos/bin/gfortran
COLLECT_LTO_WRAPPER=/opt/gcc/4.7.2/snos/libexec/gcc/x86_64-suse-linux/4.7.2/lto-wrapper
Target: x86_64-suse-linux
Configured with: ../xt-gcc-4.7.2/configure --prefix=/opt/gcc/4.7.2/snos --disable-nls --libdir=/opt/gcc/4.7.2/snos/lib --enable-languages=c,c++,fortran --with-gxx-include-dir=/opt/gcc/4.7.2/snos/include/g++ --with-slibdir=/opt/gcc/4.7.2/snos/lib --with-system-zlib --enable-shared --enable-__cxa_atexit x86_64-suse-linux --with-mpc=/opt/gcc/mpc/0.8.1 --with-mpfr=/opt/gcc/mpfr/2.4.2 --with-gmp=/opt/gcc/gmp/4.3.2 --with-sysroot=
Thread model: posix
gcc version 4.7.2 20120920 (Cray Inc.) (GCC) 
configure:6390: $? = 0
configure:6397: gfortran -V >&5
gfortran: error: unrecognized command line option '-V'
gfortran: fatal error: no input files
compilation terminated.
configure:6401: $? = 1
configure:6409: checking whether we are using the GNU Fortran 77 compiler
configure:6428: gfortran -c  conftest.F >&5
configure:6435: $? = 0
configure:6452: result: yes
configure:6458: checking whether gfortran accepts -g
configure:6475: gfortran -c -g conftest.f >&5
configure:6482: $? = 0
configure:6498: result: yes
configure:6532: checking the maximum length of command line arguments
configure:6641: result: 32768
configure:6652: checking command to parse /usr/bin/nm -B output from gcc object
configure:6757: gcc -c -O2 -fPIC  conftest.c >&5
configure:6760: $? = 0
configure:6764: /usr/bin/nm -B conftest.o \| sed -n -e 's/^.*[ 	]\([ABCDGIRSTW][ABCDGIRSTW]*\)[ 	][ 	]*\([_A-Za-z][_A-Za-z0-9]*\)$/\1 \2 \2/p' \> conftest.nm
configure:6767: $? = 0
configure:6819: gcc -o conftest -O2 -fPIC   conftest.c conftstm.o >&5
configure:6822: $? = 0
configure:6860: result: ok
configure:6864: checking for objdir
configure:6879: result: .libs
configure:6971: checking for ar
configure:6987: found /usr/bin/ar
configure:6998: result: ar
configure:7063: checking for ranlib
configure:7090: result: ranlib
configure:7155: checking for strip
configure:7171: found /usr/bin/strip
configure:7182: result: strip
configure:7464: checking if gcc supports -fno-rtti -fno-exceptions
configure:7482: gcc -c -O2 -fPIC  -fno-rtti -fno-exceptions conftest.c >&5
cc1: warning: command line option '-fno-rtti' is valid for C++/ObjC++ but not for C [enabled by default]
configure:7486: $? = 0
configure:7499: result: no
configure:7514: checking for gcc option to produce PIC
configure:7724: result: -fPIC
configure:7732: checking if gcc PIC flag -fPIC works
configure:7750: gcc -c -O2 -fPIC  -fPIC -DPIC conftest.c >&5
configure:7754: $? = 0
configure:7767: result: yes
configure:7795: checking if gcc static flag -static works
configure:7823: result: yes
configure:7833: checking if gcc supports -c -o file.o
configure:7854: gcc -c -O2 -fPIC  -o out/conftest2.o conftest.c >&5
configure:7858: $? = 0
configure:7880: result: yes
configure:7906: checking whether the gcc linker (/usr/common/usg/altd/1.0/bin/ld -m elf_x86_64) supports shared libraries
configure:8868: result: yes
configure:8935: checking dynamic linker characteristics
configure:9328: gcc -c -O2 -fPIC  conftest.c >&5
configure:9331: $? = 0
configure:9544: result: GNU/Linux ld.so
configure:9553: checking how to hardcode library paths into programs
configure:9578: result: immediate
configure:9592: checking whether stripping libraries is possible
configure:9597: result: yes
configure:10426: checking if libtool supports shared libraries
configure:10428: result: yes
configure:10431: checking whether to build shared libraries
configure:10452: result: no
configure:10455: checking whether to build static libraries
configure:10459: result: yes
configure:10551: creating libtool
configure:11142: checking for ld used by g++
configure:11209: result: /usr/common/usg/altd/1.0/bin/ld -m elf_x86_64
configure:11218: checking if the linker (/usr/common/usg/altd/1.0/bin/ld -m elf_x86_64) is GNU ld
configure:11233: result: yes
configure:11284: checking whether the g++ linker (/usr/common/usg/altd/1.0/bin/ld -m elf_x86_64) supports shared libraries
configure:12226: result: yes
configure:12244: g++ -c -g -O2  conftest.cpp >&5
configure:12247: $? = 0
configure:12366: checking for g++ option to produce PIC
configure:12640: result: -fPIC
configure:12648: checking if g++ PIC flag -fPIC works
configure:12666: g++ -c -g -O2  -fPIC -DPIC conftest.cpp >&5
configure:12670: $? = 0
configure:12683: result: yes
configure:12711: checking if g++ static flag -static works
configure:12739: result: yes
configure:12749: checking if g++ supports -c -o file.o
configure:12770: g++ -c -g -O2  -o out/conftest2.o conftest.cpp >&5
configure:12774: $? = 0
configure:12796: result: yes
configure:12822: checking whether the g++ linker (/usr/common/usg/altd/1.0/bin/ld -m elf_x86_64) supports shared libraries
configure:12847: result: yes
configure:12914: checking dynamic linker characteristics
configure:13307: g++ -c -g -O2  conftest.cpp >&5
configure:13310: $? = 0
configure:13523: result: GNU/Linux ld.so
configure:13532: checking how to hardcode library paths into programs
configure:13557: result: immediate
configure:14086: checking if libtool supports shared libraries
configure:14088: result: yes
configure:14091: checking whether to build shared libraries
configure:14111: result: no
configure:14114: checking whether to build static libraries
configure:14118: result: yes
configure:14128: checking for gfortran option to produce PIC
configure:14338: result: -fPIC
configure:14346: checking if gfortran PIC flag -fPIC works
configure:14364: gfortran -c -g -O2 -fPIC conftest.f >&5
configure:14368: $? = 0
configure:14381: result: yes
configure:14409: checking if gfortran static flag -static works
configure:14437: result: yes
configure:14447: checking if gfortran supports -c -o file.o
configure:14468: gfortran -c -g -O2 -o out/conftest2.o conftest.f >&5
configure:14472: $? = 0
configure:14494: result: yes
configure:14520: checking whether the gfortran linker (/usr/common/usg/altd/1.0/bin/ld -m elf_x86_64) supports shared libraries
configure:15462: result: yes
configure:15529: checking dynamic linker characteristics
configure:15922: gfortran -c -g -O2 conftest.f >&5
Warning: conftest.f:1: Illegal preprocessor directive
configure:15925: $? = 0
configure:16138: result: GNU/Linux ld.so
configure:16147: checking how to hardcode library paths into programs
configure:16172: result: immediate
configure:19768: checking for X
configure:19939: gcc -o conftest -O2 -fPIC   conftest.c -lX11  >&5
configure:19946: $? = 0
configure:20008: result: libraries , headers 
configure:20177: gcc -o conftest -O2 -fPIC   conftest.c   -lX11 >&5
configure:20184: $? = 0
configure:20352: checking for gethostbyname
configure:20408: gcc -o conftest -O2 -fPIC   conftest.c  >&5
configure:20415: $? = 0
configure:20435: result: yes
configure:20588: checking for connect
configure:20644: gcc -o conftest -O2 -fPIC   conftest.c  >&5
configure:20651: $? = 0
configure:20671: result: yes
configure:20747: checking for remove
configure:20803: gcc -o conftest -O2 -fPIC   conftest.c  >&5
configure:20810: $? = 0
configure:20830: result: yes
configure:20906: checking for shmat
configure:20962: gcc -o conftest -O2 -fPIC   conftest.c  >&5
configure:20969: $? = 0
configure:20989: result: yes
configure:21074: checking for IceConnectionNumber in -lICE
configure:21109: gcc -o conftest -O2 -fPIC   conftest.c -lICE   >&5
configure:21116: $? = 0
configure:21137: result: yes
configure:21148: checking whether variable-length arrays are supported
configure:21173: gcc -c -O2 -fPIC  conftest.c >&5
configure:21180: $? = 0
configure:21185: result: yes
configure:21229: checking for jpeg_destroy in -ljpeg
configure:21264: gcc -o conftest -O2 -fPIC   conftest.c -ljpeg   >&5
configure:21271: $? = 0
configure:21292: result: yes
configure:21378: checking for glutInit in -lglut
configure:21413: gcc -o conftest -O2 -fPIC   conftest.c -lglut -lglut -lGL -lGLU  -lSM -lICE -lX11 -lXmu -lXi -lXext -lXt    -ljpeg >&5
/usr/bin/ld: cannot find -lglut
/usr/bin/ld: cannot find -lglut
collect2: error: ld returned 1 exit status
configure:21420: $? = 1
configure: failed program was:
| /* confdefs.h.  */
| #define PACKAGE_NAME "jasper"
| #define PACKAGE_TARNAME "jasper"
| #define PACKAGE_VERSION "1.900.1"
| #define PACKAGE_STRING "jasper 1.900.1"
| #define PACKAGE_BUGREPORT ""
| #define PACKAGE "jasper"
| #define VERSION "1.900.1"
| #define JAS_VERSION "1.900.1"
| #define JAS_CONFIGURE 1
| #define STDC_HEADERS 1
| #define HAVE_SYS_TYPES_H 1
| #define HAVE_SYS_STAT_H 1
| #define HAVE_STDLIB_H 1
| #define HAVE_STRING_H 1
| #define HAVE_MEMORY_H 1
| #define HAVE_STRINGS_H 1
| #define HAVE_INTTYPES_H 1
| #define HAVE_STDINT_H 1
| #define HAVE_UNISTD_H 1
| #define HAVE_DLFCN_H 1
| #define HAVE_VLA 1
| /* end confdefs.h.  */
| 
| /* Override any GCC internal prototype to avoid an error.
|    Use char because int might match the return type of a GCC
|    builtin and then its argument prototype would still apply.  */
| #ifdef __cplusplus
| extern "C"
| #endif
| char glutInit ();
| int
| main ()
| {
| return glutInit ();
|   ;
|   return 0;
| }
configure:21441: result: no
configure:21461: checking GL/glut.h usability
configure:21478: gcc -c -O2 -fPIC  conftest.c >&5
conftest.c:57:21: fatal error: GL/glut.h: No such file or directory
compilation terminated.
configure:21485: $? = 1
configure: failed program was:
| /* confdefs.h.  */
| #define PACKAGE_NAME "jasper"
| #define PACKAGE_TARNAME "jasper"
| #define PACKAGE_VERSION "1.900.1"
| #define PACKAGE_STRING "jasper 1.900.1"
| #define PACKAGE_BUGREPORT ""
| #define PACKAGE "jasper"
| #define VERSION "1.900.1"
| #define JAS_VERSION "1.900.1"
| #define JAS_CONFIGURE 1
| #define STDC_HEADERS 1
| #define HAVE_SYS_TYPES_H 1
| #define HAVE_SYS_STAT_H 1
| #define HAVE_STDLIB_H 1
| #define HAVE_STRING_H 1
| #define HAVE_MEMORY_H 1
| #define HAVE_STRINGS_H 1
| #define HAVE_INTTYPES_H 1
| #define HAVE_STDINT_H 1
| #define HAVE_UNISTD_H 1
| #define HAVE_DLFCN_H 1
| #define HAVE_VLA 1
| /* end confdefs.h.  */
| #include <stdio.h>
| #ifdef HAVE_SYS_TYPES_H
| # include <sys/types.h>
| #endif
| #ifdef HAVE_SYS_STAT_H
| # include <sys/stat.h>
| #endif
| #ifdef STDC_HEADERS
| # include <stdlib.h>
| # include <stddef.h>
| #else
| # ifdef HAVE_STDLIB_H
| #  include <stdlib.h>
| # endif
| #endif
| #ifdef HAVE_STRING_H
| # if !defined STDC_HEADERS && defined HAVE_MEMORY_H
| #  include <memory.h>
| # endif
| # include <string.h>
| #endif
| #ifdef HAVE_STRINGS_H
| # include <strings.h>
| #endif
| #ifdef HAVE_INTTYPES_H
| # include <inttypes.h>
| #endif
| #ifdef HAVE_STDINT_H
| # include <stdint.h>
| #endif
| #ifdef HAVE_UNISTD_H
| # include <unistd.h>
| #endif
| #include <GL/glut.h>
configure:21499: result: no
configure:21503: checking GL/glut.h presence
configure:21518: gcc -E  conftest.c
conftest.c:24:21: fatal error: GL/glut.h: No such file or directory
compilation terminated.
configure:21525: $? = 1
configure: failed program was:
| /* confdefs.h.  */
| #define PACKAGE_NAME "jasper"
| #define PACKAGE_TARNAME "jasper"
| #define PACKAGE_VERSION "1.900.1"
| #define PACKAGE_STRING "jasper 1.900.1"
| #define PACKAGE_BUGREPORT ""
| #define PACKAGE "jasper"
| #define VERSION "1.900.1"
| #define JAS_VERSION "1.900.1"
| #define JAS_CONFIGURE 1
| #define STDC_HEADERS 1
| #define HAVE_SYS_TYPES_H 1
| #define HAVE_SYS_STAT_H 1
| #define HAVE_STDLIB_H 1
| #define HAVE_STRING_H 1
| #define HAVE_MEMORY_H 1
| #define HAVE_STRINGS_H 1
| #define HAVE_INTTYPES_H 1
| #define HAVE_STDINT_H 1
| #define HAVE_UNISTD_H 1
| #define HAVE_DLFCN_H 1
| #define HAVE_VLA 1
| /* end confdefs.h.  */
| #include <GL/glut.h>
configure:21539: result: no
configure:21567: checking for GL/glut.h
configure:21574: result: no
configure:21598: checking whether OpenGL libraries and headers were detected
configure:21600: result: no
configure:21609: checking for main in -lm
configure:21638: gcc -o conftest -O2 -fPIC   conftest.c -lm   -ljpeg >&5
configure:21645: $? = 0
configure:21666: result: yes
configure:21682: checking for ANSI C header files
configure:21850: result: yes
configure:21886: checking fcntl.h usability
configure:21903: gcc -c -O2 -fPIC  conftest.c >&5
configure:21910: $? = 0
configure:21924: result: yes
configure:21928: checking fcntl.h presence
configure:21943: gcc -E  conftest.c
configure:21950: $? = 0
configure:21964: result: yes
configure:21992: checking for fcntl.h
configure:22001: result: yes
configure:21886: checking limits.h usability
configure:21903: gcc -c -O2 -fPIC  conftest.c >&5
configure:21910: $? = 0
configure:21924: result: yes
configure:21928: checking limits.h presence
configure:21943: gcc -E  conftest.c
configure:21950: $? = 0
configure:21964: result: yes
configure:21992: checking for limits.h
configure:22001: result: yes
configure:21875: checking for unistd.h
configure:21882: result: yes
configure:21875: checking for stdint.h
configure:21882: result: yes
configure:21886: checking stdbool.h usability
configure:21903: gcc -c -O2 -fPIC  conftest.c >&5
configure:21910: $? = 0
configure:21924: result: yes
configure:21928: checking stdbool.h presence
configure:21943: gcc -E  conftest.c
configure:21950: $? = 0
configure:21964: result: yes
configure:21992: checking for stdbool.h
configure:22001: result: yes
configure:21886: checking io.h usability
configure:21903: gcc -c -O2 -fPIC  conftest.c >&5
conftest.c:64:16: fatal error: io.h: No such file or directory
compilation terminated.
configure:21910: $? = 1
configure: failed program was:
| /* confdefs.h.  */
| #define PACKAGE_NAME "jasper"
| #define PACKAGE_TARNAME "jasper"
| #define PACKAGE_VERSION "1.900.1"
| #define PACKAGE_STRING "jasper 1.900.1"
| #define PACKAGE_BUGREPORT ""
| #define PACKAGE "jasper"
| #define VERSION "1.900.1"
| #define JAS_VERSION "1.900.1"
| #define JAS_CONFIGURE 1
| #define STDC_HEADERS 1
| #define HAVE_SYS_TYPES_H 1
| #define HAVE_SYS_STAT_H 1
| #define HAVE_STDLIB_H 1
| #define HAVE_STRING_H 1
| #define HAVE_MEMORY_H 1
| #define HAVE_STRINGS_H 1
| #define HAVE_INTTYPES_H 1
| #define HAVE_STDINT_H 1
| #define HAVE_UNISTD_H 1
| #define HAVE_DLFCN_H 1
| #define HAVE_VLA 1
| #define HAVE_LIBM 1
| #define STDC_HEADERS 1
| #define HAVE_FCNTL_H 1
| #define HAVE_LIMITS_H 1
| #define HAVE_UNISTD_H 1
| #define HAVE_STDINT_H 1
| #define HAVE_STDBOOL_H 1
| /* end confdefs.h.  */
| #include <stdio.h>
| #ifdef HAVE_SYS_TYPES_H
| # include <sys/types.h>
| #endif
| #ifdef HAVE_SYS_STAT_H
| # include <sys/stat.h>
| #endif
| #ifdef STDC_HEADERS
| # include <stdlib.h>
| # include <stddef.h>
| #else
| # ifdef HAVE_STDLIB_H
| #  include <stdlib.h>
| # endif
| #endif
| #ifdef HAVE_STRING_H
| # if !defined STDC_HEADERS && defined HAVE_MEMORY_H
| #  include <memory.h>
| # endif
| # include <string.h>
| #endif
| #ifdef HAVE_STRINGS_H
| # include <strings.h>
| #endif
| #ifdef HAVE_INTTYPES_H
| # include <inttypes.h>
| #endif
| #ifdef HAVE_STDINT_H
| # include <stdint.h>
| #endif
| #ifdef HAVE_UNISTD_H
| # include <unistd.h>
| #endif
| #include <io.h>
configure:21924: result: no
configure:21928: checking io.h presence
configure:21943: gcc -E  conftest.c
conftest.c:31:16: fatal error: io.h: No such file or directory
compilation terminated.
configure:21950: $? = 1
configure: failed program was:
| /* confdefs.h.  */
| #define PACKAGE_NAME "jasper"
| #define PACKAGE_TARNAME "jasper"
| #define PACKAGE_VERSION "1.900.1"
| #define PACKAGE_STRING "jasper 1.900.1"
| #define PACKAGE_BUGREPORT ""
| #define PACKAGE "jasper"
| #define VERSION "1.900.1"
| #define JAS_VERSION "1.900.1"
| #define JAS_CONFIGURE 1
| #define STDC_HEADERS 1
| #define HAVE_SYS_TYPES_H 1
| #define HAVE_SYS_STAT_H 1
| #define HAVE_STDLIB_H 1
| #define HAVE_STRING_H 1
| #define HAVE_MEMORY_H 1
| #define HAVE_STRINGS_H 1
| #define HAVE_INTTYPES_H 1
| #define HAVE_STDINT_H 1
| #define HAVE_UNISTD_H 1
| #define HAVE_DLFCN_H 1
| #define HAVE_VLA 1
| #define HAVE_LIBM 1
| #define STDC_HEADERS 1
| #define HAVE_FCNTL_H 1
| #define HAVE_LIMITS_H 1
| #define HAVE_UNISTD_H 1
| #define HAVE_STDINT_H 1
| #define HAVE_STDBOOL_H 1
| /* end confdefs.h.  */
| #include <io.h>
configure:21964: result: no
configure:21992: checking for io.h
configure:22001: result: no
configure:21886: checking windows.h usability
configure:21903: gcc -c -O2 -fPIC  conftest.c >&5
conftest.c:64:21: fatal error: windows.h: No such file or directory
compilation terminated.
configure:21910: $? = 1
configure: failed program was:
| /* confdefs.h.  */
| #define PACKAGE_NAME "jasper"
| #define PACKAGE_TARNAME "jasper"
| #define PACKAGE_VERSION "1.900.1"
| #define PACKAGE_STRING "jasper 1.900.1"
| #define PACKAGE_BUGREPORT ""
| #define PACKAGE "jasper"
| #define VERSION "1.900.1"
| #define JAS_VERSION "1.900.1"
| #define JAS_CONFIGURE 1
| #define STDC_HEADERS 1
| #define HAVE_SYS_TYPES_H 1
| #define HAVE_SYS_STAT_H 1
| #define HAVE_STDLIB_H 1
| #define HAVE_STRING_H 1
| #define HAVE_MEMORY_H 1
| #define HAVE_STRINGS_H 1
| #define HAVE_INTTYPES_H 1
| #define HAVE_STDINT_H 1
| #define HAVE_UNISTD_H 1
| #define HAVE_DLFCN_H 1
| #define HAVE_VLA 1
| #define HAVE_LIBM 1
| #define STDC_HEADERS 1
| #define HAVE_FCNTL_H 1
| #define HAVE_LIMITS_H 1
| #define HAVE_UNISTD_H 1
| #define HAVE_STDINT_H 1
| #define HAVE_STDBOOL_H 1
| /* end confdefs.h.  */
| #include <stdio.h>
| #ifdef HAVE_SYS_TYPES_H
| # include <sys/types.h>
| #endif
| #ifdef HAVE_SYS_STAT_H
| # include <sys/stat.h>
| #endif
| #ifdef STDC_HEADERS
| # include <stdlib.h>
| # include <stddef.h>
| #else
| # ifdef HAVE_STDLIB_H
| #  include <stdlib.h>
| # endif
| #endif
| #ifdef HAVE_STRING_H
| # if !defined STDC_HEADERS && defined HAVE_MEMORY_H
| #  include <memory.h>
| # endif
| # include <string.h>
| #endif
| #ifdef HAVE_STRINGS_H
| # include <strings.h>
| #endif
| #ifdef HAVE_INTTYPES_H
| # include <inttypes.h>
| #endif
| #ifdef HAVE_STDINT_H
| # include <stdint.h>
| #endif
| #ifdef HAVE_UNISTD_H
| # include <unistd.h>
| #endif
| #include <windows.h>
configure:21924: result: no
configure:21928: checking windows.h presence
configure:21943: gcc -E  conftest.c
conftest.c:31:21: fatal error: windows.h: No such file or directory
compilation terminated.
configure:21950: $? = 1
configure: failed program was:
| /* confdefs.h.  */
| #define PACKAGE_NAME "jasper"
| #define PACKAGE_TARNAME "jasper"
| #define PACKAGE_VERSION "1.900.1"
| #define PACKAGE_STRING "jasper 1.900.1"
| #define PACKAGE_BUGREPORT ""
| #define PACKAGE "jasper"
| #define VERSION "1.900.1"
| #define JAS_VERSION "1.900.1"
| #define JAS_CONFIGURE 1
| #define STDC_HEADERS 1
| #define HAVE_SYS_TYPES_H 1
| #define HAVE_SYS_STAT_H 1
| #define HAVE_STDLIB_H 1
| #define HAVE_STRING_H 1
| #define HAVE_MEMORY_H 1
| #define HAVE_STRINGS_H 1
| #define HAVE_INTTYPES_H 1
| #define HAVE_STDINT_H 1
| #define HAVE_UNISTD_H 1
| #define HAVE_DLFCN_H 1
| #define HAVE_VLA 1
| #define HAVE_LIBM 1
| #define STDC_HEADERS 1
| #define HAVE_FCNTL_H 1
| #define HAVE_LIMITS_H 1
| #define HAVE_UNISTD_H 1
| #define HAVE_STDINT_H 1
| #define HAVE_STDBOOL_H 1
| /* end confdefs.h.  */
| #include <windows.h>
configure:21964: result: no
configure:21992: checking for windows.h
configure:22001: result: no
configure:21875: checking for sys/types.h
configure:21882: result: yes
configure:21886: checking sys/time.h usability
configure:21903: gcc -c -O2 -fPIC  conftest.c >&5
configure:21910: $? = 0
configure:21924: result: yes
configure:21928: checking sys/time.h presence
configure:21943: gcc -E  conftest.c
configure:21950: $? = 0
configure:21964: result: yes
configure:21992: checking for sys/time.h
configure:22001: result: yes
configure:21875: checking for stdlib.h
configure:21882: result: yes
configure:21886: checking stddef.h usability
configure:21903: gcc -c -O2 -fPIC  conftest.c >&5
configure:21910: $? = 0
configure:21924: result: yes
configure:21928: checking stddef.h presence
configure:21943: gcc -E  conftest.c
configure:21950: $? = 0
configure:21964: result: yes
configure:21992: checking for stddef.h
configure:22001: result: yes
configure:22021: checking for an ANSI C-conforming const
configure:22096: gcc -c -O2 -fPIC  conftest.c >&5
configure:22103: $? = 0
configure:22118: result: yes
configure:22128: checking for inline
configure:22154: gcc -c -O2 -fPIC  conftest.c >&5
configure:22161: $? = 0
configure:22179: result: inline
configure:22198: checking for size_t
configure:22226: gcc -c -O2 -fPIC  conftest.c >&5
configure:22233: $? = 0
configure:22260: gcc -c -O2 -fPIC  conftest.c >&5
conftest.c: In function 'main':
conftest.c:71:21: error: expected expression before ')' token
configure:22267: $? = 1
configure: failed program was:
| /* confdefs.h.  */
| #define PACKAGE_NAME "jasper"
| #define PACKAGE_TARNAME "jasper"
| #define PACKAGE_VERSION "1.900.1"
| #define PACKAGE_STRING "jasper 1.900.1"
| #define PACKAGE_BUGREPORT ""
| #define PACKAGE "jasper"
| #define VERSION "1.900.1"
| #define JAS_VERSION "1.900.1"
| #define JAS_CONFIGURE 1
| #define STDC_HEADERS 1
| #define HAVE_SYS_TYPES_H 1
| #define HAVE_SYS_STAT_H 1
| #define HAVE_STDLIB_H 1
| #define HAVE_STRING_H 1
| #define HAVE_MEMORY_H 1
| #define HAVE_STRINGS_H 1
| #define HAVE_INTTYPES_H 1
| #define HAVE_STDINT_H 1
| #define HAVE_UNISTD_H 1
| #define HAVE_DLFCN_H 1
| #define HAVE_VLA 1
| #define HAVE_LIBM 1
| #define STDC_HEADERS 1
| #define HAVE_FCNTL_H 1
| #define HAVE_LIMITS_H 1
| #define HAVE_UNISTD_H 1
| #define HAVE_STDINT_H 1
| #define HAVE_STDBOOL_H 1
| #define HAVE_SYS_TYPES_H 1
| #define HAVE_SYS_TIME_H 1
| #define HAVE_STDLIB_H 1
| #define HAVE_STDDEF_H 1
| /* end confdefs.h.  */
| #include <stdio.h>
| #ifdef HAVE_SYS_TYPES_H
| # include <sys/types.h>
| #endif
| #ifdef HAVE_SYS_STAT_H
| # include <sys/stat.h>
| #endif
| #ifdef STDC_HEADERS
| # include <stdlib.h>
| # include <stddef.h>
| #else
| # ifdef HAVE_STDLIB_H
| #  include <stdlib.h>
| # endif
| #endif
| #ifdef HAVE_STRING_H
| # if !defined STDC_HEADERS && defined HAVE_MEMORY_H
| #  include <memory.h>
| # endif
| # include <string.h>
| #endif
| #ifdef HAVE_STRINGS_H
| # include <strings.h>
| #endif
| #ifdef HAVE_INTTYPES_H
| # include <inttypes.h>
| #endif
| #ifdef HAVE_STDINT_H
| # include <stdint.h>
| #endif
| #ifdef HAVE_UNISTD_H
| # include <unistd.h>
| #endif
| int
| main ()
| {
| if (sizeof ((size_t)))
| 	  return 0;
|   ;
|   return 0;
| }
configure:22290: result: yes
configure:22302: checking for uchar
configure:22330: gcc -c -O2 -fPIC  conftest.c >&5
conftest.c: In function 'main':
conftest.c:71:13: error: 'uchar' undeclared (first use in this function)
conftest.c:71:13: note: each undeclared identifier is reported only once for each function it appears in
configure:22337: $? = 1
configure: failed program was:
| /* confdefs.h.  */
| #define PACKAGE_NAME "jasper"
| #define PACKAGE_TARNAME "jasper"
| #define PACKAGE_VERSION "1.900.1"
| #define PACKAGE_STRING "jasper 1.900.1"
| #define PACKAGE_BUGREPORT ""
| #define PACKAGE "jasper"
| #define VERSION "1.900.1"
| #define JAS_VERSION "1.900.1"
| #define JAS_CONFIGURE 1
| #define STDC_HEADERS 1
| #define HAVE_SYS_TYPES_H 1
| #define HAVE_SYS_STAT_H 1
| #define HAVE_STDLIB_H 1
| #define HAVE_STRING_H 1
| #define HAVE_MEMORY_H 1
| #define HAVE_STRINGS_H 1
| #define HAVE_INTTYPES_H 1
| #define HAVE_STDINT_H 1
| #define HAVE_UNISTD_H 1
| #define HAVE_DLFCN_H 1
| #define HAVE_VLA 1
| #define HAVE_LIBM 1
| #define STDC_HEADERS 1
| #define HAVE_FCNTL_H 1
| #define HAVE_LIMITS_H 1
| #define HAVE_UNISTD_H 1
| #define HAVE_STDINT_H 1
| #define HAVE_STDBOOL_H 1
| #define HAVE_SYS_TYPES_H 1
| #define HAVE_SYS_TIME_H 1
| #define HAVE_STDLIB_H 1
| #define HAVE_STDDEF_H 1
| /* end confdefs.h.  */
| #include <stdio.h>
| #ifdef HAVE_SYS_TYPES_H
| # include <sys/types.h>
| #endif
| #ifdef HAVE_SYS_STAT_H
| # include <sys/stat.h>
| #endif
| #ifdef STDC_HEADERS
| # include <stdlib.h>
| # include <stddef.h>
| #else
| # ifdef HAVE_STDLIB_H
| #  include <stdlib.h>
| # endif
| #endif
| #ifdef HAVE_STRING_H
| # if !defined STDC_HEADERS && defined HAVE_MEMORY_H
| #  include <memory.h>
| # endif
| # include <string.h>
| #endif
| #ifdef HAVE_STRINGS_H
| # include <strings.h>
| #endif
| #ifdef HAVE_INTTYPES_H
| # include <inttypes.h>
| #endif
| #ifdef HAVE_STDINT_H
| # include <stdint.h>
| #endif
| #ifdef HAVE_UNISTD_H
| # include <unistd.h>
| #endif
| int
| main ()
| {
| if (sizeof (uchar))
|        return 0;
|   ;
|   return 0;
| }
configure:22394: result: no
configure:22406: checking for ushort
configure:22434: gcc -c -O2 -fPIC  conftest.c >&5
configure:22441: $? = 0
configure:22468: gcc -c -O2 -fPIC  conftest.c >&5
conftest.c: In function 'main':
conftest.c:72:21: error: expected expression before ')' token
configure:22475: $? = 1
configure: failed program was:
| /* confdefs.h.  */
| #define PACKAGE_NAME "jasper"
| #define PACKAGE_TARNAME "jasper"
| #define PACKAGE_VERSION "1.900.1"
| #define PACKAGE_STRING "jasper 1.900.1"
| #define PACKAGE_BUGREPORT ""
| #define PACKAGE "jasper"
| #define VERSION "1.900.1"
| #define JAS_VERSION "1.900.1"
| #define JAS_CONFIGURE 1
| #define STDC_HEADERS 1
| #define HAVE_SYS_TYPES_H 1
| #define HAVE_SYS_STAT_H 1
| #define HAVE_STDLIB_H 1
| #define HAVE_STRING_H 1
| #define HAVE_MEMORY_H 1
| #define HAVE_STRINGS_H 1
| #define HAVE_INTTYPES_H 1
| #define HAVE_STDINT_H 1
| #define HAVE_UNISTD_H 1
| #define HAVE_DLFCN_H 1
| #define HAVE_VLA 1
| #define HAVE_LIBM 1
| #define STDC_HEADERS 1
| #define HAVE_FCNTL_H 1
| #define HAVE_LIMITS_H 1
| #define HAVE_UNISTD_H 1
| #define HAVE_STDINT_H 1
| #define HAVE_STDBOOL_H 1
| #define HAVE_SYS_TYPES_H 1
| #define HAVE_SYS_TIME_H 1
| #define HAVE_STDLIB_H 1
| #define HAVE_STDDEF_H 1
| #define uchar unsigned char
| /* end confdefs.h.  */
| #include <stdio.h>
| #ifdef HAVE_SYS_TYPES_H
| # include <sys/types.h>
| #endif
| #ifdef HAVE_SYS_STAT_H
| # include <sys/stat.h>
| #endif
| #ifdef STDC_HEADERS
| # include <stdlib.h>
| # include <stddef.h>
| #else
| # ifdef HAVE_STDLIB_H
| #  include <stdlib.h>
| # endif
| #endif
| #ifdef HAVE_STRING_H
| # if !defined STDC_HEADERS && defined HAVE_MEMORY_H
| #  include <memory.h>
| # endif
| # include <string.h>
| #endif
| #ifdef HAVE_STRINGS_H
| # include <strings.h>
| #endif
| #ifdef HAVE_INTTYPES_H
| # include <inttypes.h>
| #endif
| #ifdef HAVE_STDINT_H
| # include <stdint.h>
| #endif
| #ifdef HAVE_UNISTD_H
| # include <unistd.h>
| #endif
| int
| main ()
| {
| if (sizeof ((ushort)))
| 	  return 0;
|   ;
|   return 0;
| }
configure:22498: result: yes
configure:22510: checking for uint
configure:22538: gcc -c -O2 -fPIC  conftest.c >&5
configure:22545: $? = 0
configure:22572: gcc -c -O2 -fPIC  conftest.c >&5
conftest.c: In function 'main':
conftest.c:72:19: error: expected expression before ')' token
configure:22579: $? = 1
configure: failed program was:
| /* confdefs.h.  */
| #define PACKAGE_NAME "jasper"
| #define PACKAGE_TARNAME "jasper"
| #define PACKAGE_VERSION "1.900.1"
| #define PACKAGE_STRING "jasper 1.900.1"
| #define PACKAGE_BUGREPORT ""
| #define PACKAGE "jasper"
| #define VERSION "1.900.1"
| #define JAS_VERSION "1.900.1"
| #define JAS_CONFIGURE 1
| #define STDC_HEADERS 1
| #define HAVE_SYS_TYPES_H 1
| #define HAVE_SYS_STAT_H 1
| #define HAVE_STDLIB_H 1
| #define HAVE_STRING_H 1
| #define HAVE_MEMORY_H 1
| #define HAVE_STRINGS_H 1
| #define HAVE_INTTYPES_H 1
| #define HAVE_STDINT_H 1
| #define HAVE_UNISTD_H 1
| #define HAVE_DLFCN_H 1
| #define HAVE_VLA 1
| #define HAVE_LIBM 1
| #define STDC_HEADERS 1
| #define HAVE_FCNTL_H 1
| #define HAVE_LIMITS_H 1
| #define HAVE_UNISTD_H 1
| #define HAVE_STDINT_H 1
| #define HAVE_STDBOOL_H 1
| #define HAVE_SYS_TYPES_H 1
| #define HAVE_SYS_TIME_H 1
| #define HAVE_STDLIB_H 1
| #define HAVE_STDDEF_H 1
| #define uchar unsigned char
| /* end confdefs.h.  */
| #include <stdio.h>
| #ifdef HAVE_SYS_TYPES_H
| # include <sys/types.h>
| #endif
| #ifdef HAVE_SYS_STAT_H
| # include <sys/stat.h>
| #endif
| #ifdef STDC_HEADERS
| # include <stdlib.h>
| # include <stddef.h>
| #else
| # ifdef HAVE_STDLIB_H
| #  include <stdlib.h>
| # endif
| #endif
| #ifdef HAVE_STRING_H
| # if !defined STDC_HEADERS && defined HAVE_MEMORY_H
| #  include <memory.h>
| # endif
| # include <string.h>
| #endif
| #ifdef HAVE_STRINGS_H
| # include <strings.h>
| #endif
| #ifdef HAVE_INTTYPES_H
| # include <inttypes.h>
| #endif
| #ifdef HAVE_STDINT_H
| # include <stdint.h>
| #endif
| #ifdef HAVE_UNISTD_H
| # include <unistd.h>
| #endif
| int
| main ()
| {
| if (sizeof ((uint)))
| 	  return 0;
|   ;
|   return 0;
| }
configure:22602: result: yes
configure:22614: checking for ulong
configure:22642: gcc -c -O2 -fPIC  conftest.c >&5
configure:22649: $? = 0
configure:22676: gcc -c -O2 -fPIC  conftest.c >&5
conftest.c: In function 'main':
conftest.c:72:20: error: expected expression before ')' token
configure:22683: $? = 1
configure: failed program was:
| /* confdefs.h.  */
| #define PACKAGE_NAME "jasper"
| #define PACKAGE_TARNAME "jasper"
| #define PACKAGE_VERSION "1.900.1"
| #define PACKAGE_STRING "jasper 1.900.1"
| #define PACKAGE_BUGREPORT ""
| #define PACKAGE "jasper"
| #define VERSION "1.900.1"
| #define JAS_VERSION "1.900.1"
| #define JAS_CONFIGURE 1
| #define STDC_HEADERS 1
| #define HAVE_SYS_TYPES_H 1
| #define HAVE_SYS_STAT_H 1
| #define HAVE_STDLIB_H 1
| #define HAVE_STRING_H 1
| #define HAVE_MEMORY_H 1
| #define HAVE_STRINGS_H 1
| #define HAVE_INTTYPES_H 1
| #define HAVE_STDINT_H 1
| #define HAVE_UNISTD_H 1
| #define HAVE_DLFCN_H 1
| #define HAVE_VLA 1
| #define HAVE_LIBM 1
| #define STDC_HEADERS 1
| #define HAVE_FCNTL_H 1
| #define HAVE_LIMITS_H 1
| #define HAVE_UNISTD_H 1
| #define HAVE_STDINT_H 1
| #define HAVE_STDBOOL_H 1
| #define HAVE_SYS_TYPES_H 1
| #define HAVE_SYS_TIME_H 1
| #define HAVE_STDLIB_H 1
| #define HAVE_STDDEF_H 1
| #define uchar unsigned char
| /* end confdefs.h.  */
| #include <stdio.h>
| #ifdef HAVE_SYS_TYPES_H
| # include <sys/types.h>
| #endif
| #ifdef HAVE_SYS_STAT_H
| # include <sys/stat.h>
| #endif
| #ifdef STDC_HEADERS
| # include <stdlib.h>
| # include <stddef.h>
| #else
| # ifdef HAVE_STDLIB_H
| #  include <stdlib.h>
| # endif
| #endif
| #ifdef HAVE_STRING_H
| # if !defined STDC_HEADERS && defined HAVE_MEMORY_H
| #  include <memory.h>
| # endif
| # include <string.h>
| #endif
| #ifdef HAVE_STRINGS_H
| # include <strings.h>
| #endif
| #ifdef HAVE_INTTYPES_H
| # include <inttypes.h>
| #endif
| #ifdef HAVE_STDINT_H
| # include <stdint.h>
| #endif
| #ifdef HAVE_UNISTD_H
| # include <unistd.h>
| #endif
| int
| main ()
| {
| if (sizeof ((ulong)))
| 	  return 0;
|   ;
|   return 0;
| }
configure:22706: result: yes
configure:22718: checking for longlong
configure:22746: gcc -c -O2 -fPIC  conftest.c >&5
conftest.c: In function 'main':
conftest.c:72:13: error: 'longlong' undeclared (first use in this function)
conftest.c:72:13: note: each undeclared identifier is reported only once for each function it appears in
configure:22753: $? = 1
configure: failed program was:
| /* confdefs.h.  */
| #define PACKAGE_NAME "jasper"
| #define PACKAGE_TARNAME "jasper"
| #define PACKAGE_VERSION "1.900.1"
| #define PACKAGE_STRING "jasper 1.900.1"
| #define PACKAGE_BUGREPORT ""
| #define PACKAGE "jasper"
| #define VERSION "1.900.1"
| #define JAS_VERSION "1.900.1"
| #define JAS_CONFIGURE 1
| #define STDC_HEADERS 1
| #define HAVE_SYS_TYPES_H 1
| #define HAVE_SYS_STAT_H 1
| #define HAVE_STDLIB_H 1
| #define HAVE_STRING_H 1
| #define HAVE_MEMORY_H 1
| #define HAVE_STRINGS_H 1
| #define HAVE_INTTYPES_H 1
| #define HAVE_STDINT_H 1
| #define HAVE_UNISTD_H 1
| #define HAVE_DLFCN_H 1
| #define HAVE_VLA 1
| #define HAVE_LIBM 1
| #define STDC_HEADERS 1
| #define HAVE_FCNTL_H 1
| #define HAVE_LIMITS_H 1
| #define HAVE_UNISTD_H 1
| #define HAVE_STDINT_H 1
| #define HAVE_STDBOOL_H 1
| #define HAVE_SYS_TYPES_H 1
| #define HAVE_SYS_TIME_H 1
| #define HAVE_STDLIB_H 1
| #define HAVE_STDDEF_H 1
| #define uchar unsigned char
| /* end confdefs.h.  */
| #include <stdio.h>
| #ifdef HAVE_SYS_TYPES_H
| # include <sys/types.h>
| #endif
| #ifdef HAVE_SYS_STAT_H
| # include <sys/stat.h>
| #endif
| #ifdef STDC_HEADERS
| # include <stdlib.h>
| # include <stddef.h>
| #else
| # ifdef HAVE_STDLIB_H
| #  include <stdlib.h>
| # endif
| #endif
| #ifdef HAVE_STRING_H
| # if !defined STDC_HEADERS && defined HAVE_MEMORY_H
| #  include <memory.h>
| # endif
| # include <string.h>
| #endif
| #ifdef HAVE_STRINGS_H
| # include <strings.h>
| #endif
| #ifdef HAVE_INTTYPES_H
| # include <inttypes.h>
| #endif
| #ifdef HAVE_STDINT_H
| # include <stdint.h>
| #endif
| #ifdef HAVE_UNISTD_H
| # include <unistd.h>
| #endif
| int
| main ()
| {
| if (sizeof (longlong))
|        return 0;
|   ;
|   return 0;
| }
configure:22810: result: no
configure:22822: checking for ulonglong
configure:22850: gcc -c -O2 -fPIC  conftest.c >&5
conftest.c: In function 'main':
conftest.c:73:13: error: 'ulonglong' undeclared (first use in this function)
conftest.c:73:13: note: each undeclared identifier is reported only once for each function it appears in
configure:22857: $? = 1
configure: failed program was:
| /* confdefs.h.  */
| #define PACKAGE_NAME "jasper"
| #define PACKAGE_TARNAME "jasper"
| #define PACKAGE_VERSION "1.900.1"
| #define PACKAGE_STRING "jasper 1.900.1"
| #define PACKAGE_BUGREPORT ""
| #define PACKAGE "jasper"
| #define VERSION "1.900.1"
| #define JAS_VERSION "1.900.1"
| #define JAS_CONFIGURE 1
| #define STDC_HEADERS 1
| #define HAVE_SYS_TYPES_H 1
| #define HAVE_SYS_STAT_H 1
| #define HAVE_STDLIB_H 1
| #define HAVE_STRING_H 1
| #define HAVE_MEMORY_H 1
| #define HAVE_STRINGS_H 1
| #define HAVE_INTTYPES_H 1
| #define HAVE_STDINT_H 1
| #define HAVE_UNISTD_H 1
| #define HAVE_DLFCN_H 1
| #define HAVE_VLA 1
| #define HAVE_LIBM 1
| #define STDC_HEADERS 1
| #define HAVE_FCNTL_H 1
| #define HAVE_LIMITS_H 1
| #define HAVE_UNISTD_H 1
| #define HAVE_STDINT_H 1
| #define HAVE_STDBOOL_H 1
| #define HAVE_SYS_TYPES_H 1
| #define HAVE_SYS_TIME_H 1
| #define HAVE_STDLIB_H 1
| #define HAVE_STDDEF_H 1
| #define uchar unsigned char
| #define longlong long long
| /* end confdefs.h.  */
| #include <stdio.h>
| #ifdef HAVE_SYS_TYPES_H
| # include <sys/types.h>
| #endif
| #ifdef HAVE_SYS_STAT_H
| # include <sys/stat.h>
| #endif
| #ifdef STDC_HEADERS
| # include <stdlib.h>
| # include <stddef.h>
| #else
| # ifdef HAVE_STDLIB_H
| #  include <stdlib.h>
| # endif
| #endif
| #ifdef HAVE_STRING_H
| # if !defined STDC_HEADERS && defined HAVE_MEMORY_H
| #  include <memory.h>
| # endif
| # include <string.h>
| #endif
| #ifdef HAVE_STRINGS_H
| # include <strings.h>
| #endif
| #ifdef HAVE_INTTYPES_H
| # include <inttypes.h>
| #endif
| #ifdef HAVE_STDINT_H
| # include <stdint.h>
| #endif
| #ifdef HAVE_UNISTD_H
| # include <unistd.h>
| #endif
| int
| main ()
| {
| if (sizeof (ulonglong))
|        return 0;
|   ;
|   return 0;
| }
configure:22914: result: no
configure:22926: checking for ssize_t
configure:22954: gcc -c -O2 -fPIC  conftest.c >&5
configure:22961: $? = 0
configure:22988: gcc -c -O2 -fPIC  conftest.c >&5
conftest.c: In function 'main':
conftest.c:74:22: error: expected expression before ')' token
configure:22995: $? = 1
configure: failed program was:
| /* confdefs.h.  */
| #define PACKAGE_NAME "jasper"
| #define PACKAGE_TARNAME "jasper"
| #define PACKAGE_VERSION "1.900.1"
| #define PACKAGE_STRING "jasper 1.900.1"
| #define PACKAGE_BUGREPORT ""
| #define PACKAGE "jasper"
| #define VERSION "1.900.1"
| #define JAS_VERSION "1.900.1"
| #define JAS_CONFIGURE 1
| #define STDC_HEADERS 1
| #define HAVE_SYS_TYPES_H 1
| #define HAVE_SYS_STAT_H 1
| #define HAVE_STDLIB_H 1
| #define HAVE_STRING_H 1
| #define HAVE_MEMORY_H 1
| #define HAVE_STRINGS_H 1
| #define HAVE_INTTYPES_H 1
| #define HAVE_STDINT_H 1
| #define HAVE_UNISTD_H 1
| #define HAVE_DLFCN_H 1
| #define HAVE_VLA 1
| #define HAVE_LIBM 1
| #define STDC_HEADERS 1
| #define HAVE_FCNTL_H 1
| #define HAVE_LIMITS_H 1
| #define HAVE_UNISTD_H 1
| #define HAVE_STDINT_H 1
| #define HAVE_STDBOOL_H 1
| #define HAVE_SYS_TYPES_H 1
| #define HAVE_SYS_TIME_H 1
| #define HAVE_STDLIB_H 1
| #define HAVE_STDDEF_H 1
| #define uchar unsigned char
| #define longlong long long
| #define ulonglong unsigned long long
| /* end confdefs.h.  */
| #include <stdio.h>
| #ifdef HAVE_SYS_TYPES_H
| # include <sys/types.h>
| #endif
| #ifdef HAVE_SYS_STAT_H
| # include <sys/stat.h>
| #endif
| #ifdef STDC_HEADERS
| # include <stdlib.h>
| # include <stddef.h>
| #else
| # ifdef HAVE_STDLIB_H
| #  include <stdlib.h>
| # endif
| #endif
| #ifdef HAVE_STRING_H
| # if !defined STDC_HEADERS && defined HAVE_MEMORY_H
| #  include <memory.h>
| # endif
| # include <string.h>
| #endif
| #ifdef HAVE_STRINGS_H
| # include <strings.h>
| #endif
| #ifdef HAVE_INTTYPES_H
| # include <inttypes.h>
| #endif
| #ifdef HAVE_STDINT_H
| # include <stdint.h>
| #endif
| #ifdef HAVE_UNISTD_H
| # include <unistd.h>
| #endif
| int
| main ()
| {
| if (sizeof ((ssize_t)))
| 	  return 0;
|   ;
|   return 0;
| }
configure:23018: result: yes
configure:23034: checking for gettimeofday
configure:23090: gcc -o conftest -O2 -fPIC   conftest.c -lm  -ljpeg >&5
configure:23097: $? = 0
configure:23119: result: yes
configure:23135: checking for getrusage
configure:23191: gcc -o conftest -O2 -fPIC   conftest.c -lm  -ljpeg >&5
configure:23198: $? = 0
configure:23220: result: yes
configure:23241: checking for vprintf
configure:23297: gcc -o conftest -O2 -fPIC   conftest.c -lm  -ljpeg >&5
conftest.c:63:6: warning: conflicting types for built-in function 'vprintf' [enabled by default]
configure:23304: $? = 0
configure:23326: result: yes
configure:23335: checking for _doprnt
configure:23391: gcc -o conftest -O2 -fPIC   conftest.c -lm  -ljpeg >&5
/scratch1/scratchdirs/whitaker/cc4bD71Y.o: In function `main':
conftest.c:(.text.startup+0x7): undefined reference to `_doprnt'
/usr/bin/ld: link errors found, deleting executable `conftest'
collect2: error: ld returned 1 exit status
configure:23398: $? = 1
configure: failed program was:
| /* confdefs.h.  */
| #define PACKAGE_NAME "jasper"
| #define PACKAGE_TARNAME "jasper"
| #define PACKAGE_VERSION "1.900.1"
| #define PACKAGE_STRING "jasper 1.900.1"
| #define PACKAGE_BUGREPORT ""
| #define PACKAGE "jasper"
| #define VERSION "1.900.1"
| #define JAS_VERSION "1.900.1"
| #define JAS_CONFIGURE 1
| #define STDC_HEADERS 1
| #define HAVE_SYS_TYPES_H 1
| #define HAVE_SYS_STAT_H 1
| #define HAVE_STDLIB_H 1
| #define HAVE_STRING_H 1
| #define HAVE_MEMORY_H 1
| #define HAVE_STRINGS_H 1
| #define HAVE_INTTYPES_H 1
| #define HAVE_STDINT_H 1
| #define HAVE_UNISTD_H 1
| #define HAVE_DLFCN_H 1
| #define HAVE_VLA 1
| #define HAVE_LIBM 1
| #define STDC_HEADERS 1
| #define HAVE_FCNTL_H 1
| #define HAVE_LIMITS_H 1
| #define HAVE_UNISTD_H 1
| #define HAVE_STDINT_H 1
| #define HAVE_STDBOOL_H 1
| #define HAVE_SYS_TYPES_H 1
| #define HAVE_SYS_TIME_H 1
| #define HAVE_STDLIB_H 1
| #define HAVE_STDDEF_H 1
| #define uchar unsigned char
| #define longlong long long
| #define ulonglong unsigned long long
| #define HAVE_GETTIMEOFDAY 1
| #define HAVE_GETRUSAGE 1
| #define HAVE_VPRINTF 1
| /* end confdefs.h.  */
| /* Define _doprnt to an innocuous variant, in case <limits.h> declares _doprnt.
|    For example, HP-UX 11i <limits.h> declares gettimeofday.  */
| #define _doprnt innocuous__doprnt
| 
| /* System header to define __stub macros and hopefully few prototypes,
|     which can conflict with char _doprnt (); below.
|     Prefer <limits.h> to <assert.h> if __STDC__ is defined, since
|     <limits.h> exists even on freestanding compilers.  */
| 
| #ifdef __STDC__
| # include <limits.h>
| #else
| # include <assert.h>
| #endif
| 
| #undef _doprnt
| 
| /* Override any GCC internal prototype to avoid an error.
|    Use char because int might match the return type of a GCC
|    builtin and then its argument prototype would still apply.  */
| #ifdef __cplusplus
| extern "C"
| #endif
| char _doprnt ();
| /* The GNU C library defines this for functions which it implements
|     to always fail with ENOSYS.  Some functions are actually named
|     something starting with __ and the normal name is an alias.  */
| #if defined __stub__doprnt || defined __stub____doprnt
| choke me
| #endif
| 
| int
| main ()
| {
| return _doprnt ();
|   ;
|   return 0;
| }
configure:23418: result: no
configure:23683: creating ./config.status

## ---------------------- ##
## Running config.status. ##
## ---------------------- ##

This file was extended by jasper config.status 1.900.1, which was
generated by GNU Autoconf 2.63.  Invocation command line was

  CONFIG_FILES    = 
  CONFIG_HEADERS  = 
  CONFIG_LINKS    = 
  CONFIG_COMMANDS = 
  $ ./config.status 

on edison01

config.status:850: creating Makefile
config.status:997: WARNING:  'Makefile.in' seems to ignore the --datarootdir setting
config.status:850: creating src/Makefile
config.status:997: WARNING:  'src/Makefile.in' seems to ignore the --datarootdir setting
config.status:850: creating src/appl/Makefile
config.status:997: WARNING:  'src/appl/Makefile.in' seems to ignore the --datarootdir setting
config.status:850: creating src/libjasper/Makefile
config.status:997: WARNING:  'src/libjasper/Makefile.in' seems to ignore the --datarootdir setting
config.status:850: creating src/libjasper/base/Makefile
config.status:997: WARNING:  'src/libjasper/base/Makefile.in' seems to ignore the --datarootdir setting
config.status:850: creating src/libjasper/bmp/Makefile
config.status:997: WARNING:  'src/libjasper/bmp/Makefile.in' seems to ignore the --datarootdir setting
config.status:850: creating src/libjasper/include/Makefile
config.status:997: WARNING:  'src/libjasper/include/Makefile.in' seems to ignore the --datarootdir setting
config.status:850: creating src/libjasper/include/jasper/Makefile
config.status:997: WARNING:  'src/libjasper/include/jasper/Makefile.in' seems to ignore the --datarootdir setting
config.status:850: creating src/libjasper/jp2/Makefile
config.status:997: WARNING:  'src/libjasper/jp2/Makefile.in' seems to ignore the --datarootdir setting
config.status:850: creating src/libjasper/jpc/Makefile
config.status:997: WARNING:  'src/libjasper/jpc/Makefile.in' seems to ignore the --datarootdir setting
config.status:850: creating src/libjasper/jpg/Makefile
config.status:997: WARNING:  'src/libjasper/jpg/Makefile.in' seems to ignore the --datarootdir setting
config.status:850: creating src/libjasper/mif/Makefile
config.status:997: WARNING:  'src/libjasper/mif/Makefile.in' seems to ignore the --datarootdir setting
config.status:850: creating src/libjasper/pgx/Makefile
config.status:997: WARNING:  'src/libjasper/pgx/Makefile.in' seems to ignore the --datarootdir setting
config.status:850: creating src/libjasper/pnm/Makefile
config.status:997: WARNING:  'src/libjasper/pnm/Makefile.in' seems to ignore the --datarootdir setting
config.status:850: creating src/libjasper/ras/Makefile
config.status:997: WARNING:  'src/libjasper/ras/Makefile.in' seems to ignore the --datarootdir setting
config.status:850: creating src/msvc/Makefile
config.status:997: WARNING:  'src/msvc/Makefile.in' seems to ignore the --datarootdir setting
config.status:850: creating jasper.spec
config.status:850: creating src/libjasper/include/jasper/jas_config.h
config.status:1066: src/libjasper/include/jasper/jas_config.h is unchanged
config.status:1117: executing depfiles commands

## ---------------- ##
## Cache variables. ##
## ---------------- ##

ac_cv_build=x86_64-unknown-linux-gnu
ac_cv_c_compiler_gnu=yes
ac_cv_c_const=yes
ac_cv_c_inline=inline
ac_cv_cxx_compiler_gnu=yes
ac_cv_env_CCC_set=
ac_cv_env_CCC_value=
ac_cv_env_CC_set=
ac_cv_env_CC_value=
ac_cv_env_CFLAGS_set=set
ac_cv_env_CFLAGS_value='-O2 -fPIC'
ac_cv_env_CPPFLAGS_set=
ac_cv_env_CPPFLAGS_value=
ac_cv_env_CPP_set=
ac_cv_env_CPP_value=
ac_cv_env_CXXCPP_set=
ac_cv_env_CXXCPP_value=
ac_cv_env_CXXFLAGS_set=
ac_cv_env_CXXFLAGS_value=
ac_cv_env_CXX_set=
ac_cv_env_CXX_value=
ac_cv_env_F77_set=
ac_cv_env_F77_value=
ac_cv_env_FFLAGS_set=
ac_cv_env_FFLAGS_value=
ac_cv_env_LDFLAGS_set=
ac_cv_env_LDFLAGS_value=
ac_cv_env_LIBS_set=
ac_cv_env_LIBS_value=
ac_cv_env_XMKMF_set=
ac_cv_env_XMKMF_value=
ac_cv_env_build_alias_set=
ac_cv_env_build_alias_value=
ac_cv_env_host_alias_set=
ac_cv_env_host_alias_value=
ac_cv_env_target_alias_set=
ac_cv_env_target_alias_value=
ac_cv_f77_compiler_gnu=yes
ac_cv_func__doprnt=no
ac_cv_func_connect=yes
ac_cv_func_gethostbyname=yes
ac_cv_func_getrusage=yes
ac_cv_func_gettimeofday=yes
ac_cv_func_remove=yes
ac_cv_func_shmat=yes
ac_cv_func_vprintf=yes
ac_cv_have_x='have_x=yes	ac_x_includes='\'''\''	ac_x_libraries='\'''\'''
ac_cv_header_GL_glut_h=no
ac_cv_header_dlfcn_h=yes
ac_cv_header_fcntl_h=yes
ac_cv_header_inttypes_h=yes
ac_cv_header_io_h=no
ac_cv_header_limits_h=yes
ac_cv_header_memory_h=yes
ac_cv_header_stdbool_h=yes
ac_cv_header_stdc=yes
ac_cv_header_stddef_h=yes
ac_cv_header_stdint_h=yes
ac_cv_header_stdlib_h=yes
ac_cv_header_string_h=yes
ac_cv_header_strings_h=yes
ac_cv_header_sys_stat_h=yes
ac_cv_header_sys_time_h=yes
ac_cv_header_sys_types_h=yes
ac_cv_header_unistd_h=yes
ac_cv_header_windows_h=no
ac_cv_host=x86_64-unknown-linux-gnu
ac_cv_lib_ICE_IceConnectionNumber=yes
ac_cv_lib_glut_glutInit=no
ac_cv_lib_jpeg_jpeg_destroy=yes
ac_cv_lib_m_main=yes
ac_cv_objext=o
ac_cv_path_EGREP='/usr/bin/grep -E'
ac_cv_path_GREP=/usr/bin/grep
ac_cv_path_install='/usr/bin/install -c'
ac_cv_prog_AWK=gawk
ac_cv_prog_CPP='gcc -E'
ac_cv_prog_CXXCPP='g++ -E'
ac_cv_prog_ac_ct_AR=ar
ac_cv_prog_ac_ct_CC=gcc
ac_cv_prog_ac_ct_CXX=g++
ac_cv_prog_ac_ct_F77=gfortran
ac_cv_prog_ac_ct_RANLIB=ranlib
ac_cv_prog_ac_ct_STRIP=strip
ac_cv_prog_cc_c89=
ac_cv_prog_cc_g=yes
ac_cv_prog_cxx_g=yes
ac_cv_prog_f77_g=yes
ac_cv_prog_make_make_set=yes
ac_cv_target=x86_64-unknown-linux-gnu
ac_cv_type_longlong=no
ac_cv_type_size_t=yes
ac_cv_type_ssize_t=yes
ac_cv_type_uchar=no
ac_cv_type_uint=yes
ac_cv_type_ulong=yes
ac_cv_type_ulonglong=no
ac_cv_type_ushort=yes
am_cv_CC_dependencies_compiler_type=gcc3
am_cv_CXX_dependencies_compiler_type=gcc3
lt_cv_deplibs_check_method=pass_all
lt_cv_file_magic_cmd='$MAGIC_CMD'
lt_cv_file_magic_test_file=
lt_cv_ld_reload_flag=-r
lt_cv_objdir=.libs
lt_cv_path_LD=/usr/common/usg/altd/1.0/bin/ld
lt_cv_path_LDCXX='/usr/common/usg/altd/1.0/bin/ld -m elf_x86_64'
lt_cv_path_NM='/usr/bin/nm -B'
lt_cv_path_SED=/usr/bin/sed
lt_cv_prog_compiler_c_o=yes
lt_cv_prog_compiler_c_o_CXX=yes
lt_cv_prog_compiler_c_o_F77=yes
lt_cv_prog_compiler_rtti_exceptions=no
lt_cv_prog_gnu_ld=yes
lt_cv_prog_gnu_ldcxx=yes
lt_cv_sys_global_symbol_pipe='sed -n -e '\''s/^.*[ 	]\([ABCDGIRSTW][ABCDGIRSTW]*\)[ 	][ 	]*\([_A-Za-z][_A-Za-z0-9]*\)$/\1 \2 \2/p'\'''
lt_cv_sys_global_symbol_to_c_name_address='sed -n -e '\''s/^: \([^ ]*\) $/  {\"\1\", (lt_ptr) 0},/p'\'' -e '\''s/^[BCDEGRST] \([^ ]*\) \([^ ]*\)$/  {"\2", (lt_ptr) \&\2},/p'\'''
lt_cv_sys_global_symbol_to_cdecl='sed -n -e '\''s/^. .* \(.*\)$/extern int \1;/p'\'''
lt_cv_sys_max_cmd_len=32768
lt_lt_cv_prog_compiler_c_o='"yes"'
lt_lt_cv_prog_compiler_c_o_CXX='"yes"'
lt_lt_cv_prog_compiler_c_o_F77='"yes"'
lt_lt_cv_sys_global_symbol_pipe='"sed -n -e '\''s/^.*[ 	]\\([ABCDGIRSTW][ABCDGIRSTW]*\\)[ 	][ 	]*\\([_A-Za-z][_A-Za-z0-9]*\\)\$/\\1 \\2 \\2/p'\''"'
lt_lt_cv_sys_global_symbol_to_c_name_address='"sed -n -e '\''s/^: \\([^ ]*\\) \$/  {\\\"\\1\\\", (lt_ptr) 0},/p'\'' -e '\''s/^[BCDEGRST] \\([^ ]*\\) \\([^ ]*\\)\$/  {\"\\2\", (lt_ptr) \\&\\2},/p'\''"'
lt_lt_cv_sys_global_symbol_to_cdecl='"sed -n -e '\''s/^. .* \\(.*\\)\$/extern int \\1;/p'\''"'

## ----------------- ##
## Output variables. ##
## ----------------- ##

ACLOCAL='${SHELL} /project/projectdirs/incite11/whitaker/edison/newstuff/nwprod/lib/sorc/jasper-1.900.1/acaux/missing --run aclocal-1.9'
AMDEPBACKSLASH='\'
AMDEP_FALSE='#'
AMDEP_TRUE=''
AMTAR='${SHELL} /project/projectdirs/incite11/whitaker/edison/newstuff/nwprod/lib/sorc/jasper-1.900.1/acaux/missing --run tar'
AR='ar'
AUTOCONF='${SHELL} /project/projectdirs/incite11/whitaker/edison/newstuff/nwprod/lib/sorc/jasper-1.900.1/acaux/missing --run autoconf'
AUTOHEADER='${SHELL} /project/projectdirs/incite11/whitaker/edison/newstuff/nwprod/lib/sorc/jasper-1.900.1/acaux/missing --run autoheader'
AUTOMAKE='${SHELL} /project/projectdirs/incite11/whitaker/edison/newstuff/nwprod/lib/sorc/jasper-1.900.1/acaux/missing --run automake-1.9'
AWK='gawk'
CC='gcc'
CCDEPMODE='depmode=gcc3'
CFLAGS='-O2 -fPIC'
CPP='gcc -E'
CPPFLAGS=''
CXX='g++'
CXXCPP='g++ -E'
CXXDEPMODE='depmode=gcc3'
CXXFLAGS='-g -O2'
CYGPATH_W='echo'
DEFS='-DHAVE_CONFIG_H'
DEPDIR='.deps'
ECHO='echo'
ECHO_C=''
ECHO_N='-n'
ECHO_T=''
EGREP='/usr/bin/grep -E'
EXEEXT=''
F77='gfortran'
FFLAGS='-g -O2'
GREP='/usr/bin/grep'
HAVE_LIBJPEG_FALSE='#'
HAVE_LIBJPEG_TRUE=''
HAVE_OPENGL_FALSE=''
HAVE_OPENGL_TRUE='#'
INSTALL_DATA='${INSTALL} -m 644'
INSTALL_PROGRAM='${INSTALL}'
INSTALL_SCRIPT='${INSTALL}'
INSTALL_STRIP_PROGRAM='${SHELL} $(install_sh) -c -s'
JAS_MAJOR_VERSION='1'
JAS_MICRO_VERSION='1'
JAS_MINOR_VERSION='900'
JAS_RPM_RELEASE='1'
JAS_VERSION='1.900.1'
LDFLAGS=''
LIBOBJS=''
LIBS='-lm  -ljpeg'
LIBTOOL='$(SHELL) $(top_builddir)/libtool'
LN_S='ln -s'
LTLIBOBJS=''
LT_AGE='0'
LT_CURRENT='1'
LT_RELEASE='1.900'
LT_REVISION='0'
MAKEINFO='${SHELL} /project/projectdirs/incite11/whitaker/edison/newstuff/nwprod/lib/sorc/jasper-1.900.1/acaux/missing --run makeinfo'
OBJEXT='o'
OPENGL_LIBS=''
PACKAGE='jasper'
PACKAGE_BUGREPORT=''
PACKAGE_NAME='jasper'
PACKAGE_STRING='jasper 1.900.1'
PACKAGE_TARNAME='jasper'
PACKAGE_VERSION='1.900.1'
PATH_SEPARATOR=':'
RANLIB='ranlib'
SED='/usr/bin/sed'
SET_MAKE=''
SHELL='/bin/sh'
STRIP='strip'
VERSION='1.900.1'
XMKMF=''
X_CFLAGS=''
X_EXTRA_LIBS=''
X_LIBS=''
X_PRE_LIBS=' -lSM -lICE'
ac_ct_CC='gcc'
ac_ct_CXX='g++'
ac_ct_F77='gfortran'
am__fastdepCC_FALSE='#'
am__fastdepCC_TRUE=''
am__fastdepCXX_FALSE='#'
am__fastdepCXX_TRUE=''
am__include='include'
am__leading_dot='.'
am__quote=''
am__tar='${AMTAR} chof - "$$tardir"'
am__untar='${AMTAR} xf -'
bindir='${exec_prefix}/bin'
build='x86_64-unknown-linux-gnu'
build_alias=''
build_cpu='x86_64'
build_os='linux-gnu'
build_vendor='unknown'
datadir='${datarootdir}'
datarootdir='${prefix}/share'
docdir='${datarootdir}/doc/${PACKAGE_TARNAME}'
dvidir='${docdir}'
exec_prefix='${prefix}'
host='x86_64-unknown-linux-gnu'
host_alias=''
host_cpu='x86_64'
host_os='linux-gnu'
host_vendor='unknown'
htmldir='${docdir}'
includedir='${prefix}/include'
infodir='${datarootdir}/info'
install_sh='/project/projectdirs/incite11/whitaker/edison/newstuff/nwprod/lib/sorc/jasper-1.900.1/acaux/install-sh'
libdir='${exec_prefix}/lib'
libexecdir='${exec_prefix}/libexec'
localedir='${datarootdir}/locale'
localstatedir='${prefix}/var'
mandir='${datarootdir}/man'
mkdir_p='mkdir -p --'
oldincludedir='/usr/include'
pdfdir='${docdir}'
prefix='/project/projectdirs/incite11/whitaker/edison'
program_transform_name='s,x,x,'
psdir='${docdir}'
sbindir='${exec_prefix}/sbin'
sharedstatedir='${prefix}/com'
sysconfdir='${prefix}/etc'
target='x86_64-unknown-linux-gnu'
target_alias=''
target_cpu='x86_64'
target_os='linux-gnu'
target_vendor='unknown'

## ----------- ##
## confdefs.h. ##
## ----------- ##

#define PACKAGE_NAME "jasper"
#define PACKAGE_TARNAME "jasper"
#define PACKAGE_VERSION "1.900.1"
#define PACKAGE_STRING "jasper 1.900.1"
#define PACKAGE_BUGREPORT ""
#define PACKAGE "jasper"
#define VERSION "1.900.1"
#define JAS_VERSION "1.900.1"
#define JAS_CONFIGURE 1
#define STDC_HEADERS 1
#define HAVE_SYS_TYPES_H 1
#define HAVE_SYS_STAT_H 1
#define HAVE_STDLIB_H 1
#define HAVE_STRING_H 1
#define HAVE_MEMORY_H 1
#define HAVE_STRINGS_H 1
#define HAVE_INTTYPES_H 1
#define HAVE_STDINT_H 1
#define HAVE_UNISTD_H 1
#define HAVE_DLFCN_H 1
#define HAVE_VLA 1
#define HAVE_LIBM 1
#define STDC_HEADERS 1
#define HAVE_FCNTL_H 1
#define HAVE_LIMITS_H 1
#define HAVE_UNISTD_H 1
#define HAVE_STDINT_H 1
#define HAVE_STDBOOL_H 1
#define HAVE_SYS_TYPES_H 1
#define HAVE_SYS_TIME_H 1
#define HAVE_STDLIB_H 1
#define HAVE_STDDEF_H 1
#define uchar unsigned char
#define longlong long long
#define ulonglong unsigned long long
#define HAVE_GETTIMEOFDAY 1
#define HAVE_GETRUSAGE 1
#define HAVE_VPRINTF 1

configure: exit 0
