This file contains any messages produced by compilers while
running configure, to aid debugging if configure makes a mistake.

It was created by SHTns configure 2.6.5, which was
generated by GNU Autoconf 2.69.  Invocation command line was

  $ ./configure 

## --------- ##
## Platform. ##
## --------- ##

hostname = login16
uname -m = x86_64
uname -r = 5.14.21-150400.24.81_12.0.87-cray_shasta_c
uname -s = Linux
uname -v = #1 SMP Thu Jan 11 20:03:21 UTC 2024 (e30c7c1)

/usr/bin/uname -p = x86_64
/bin/uname -X     = unknown

/bin/arch              = x86_64
/usr/bin/arch -k       = unknown
/usr/convex/getsysinfo = unknown
/usr/bin/hostinfo      = unknown
/bin/machine           = unknown
/usr/bin/oslevel       = unknown
/bin/universe          = unknown

PATH: /opt/cray/pe/fftw/3.3.10.6/x86_milan/bin
PATH: /opt/cray/pe/craype/2.7.30/bin
PATH: /opt/cray/pe/mpich/8.1.28/ofi/gnu/12.3/bin
PATH: /opt/cray/pe/mpich/8.1.28/bin
PATH: /opt/nersc/pe/bin
PATH: /global/common/software/nersc/bin
PATH: /opt/nvidia/hpc_sdk/Linux_x86_64/23.9/cuda/12.2/compute-sanitizer
PATH: /opt/nvidia/hpc_sdk/Linux_x86_64/23.9/cuda/12.2/bin
PATH: /opt/nvidia/hpc_sdk/Linux_x86_64/23.9/cuda/12.2/libnvvp
PATH: /opt/nvidia/hpc_sdk/Linux_x86_64/23.9/profilers/Nsight_Compute
PATH: /opt/nvidia/hpc_sdk/Linux_x86_64/23.9/profilers/Nsight_Systems/bin
PATH: /opt/cray/pe/perftools/23.12.0/bin
PATH: /opt/cray/pe/papi/7.0.1.2/bin
PATH: /opt/cray/libfabric/1.15.2.0/bin
PATH: /usr/bin
PATH: /bin
PATH: /usr/sbin
PATH: /sbin
PATH: /opt/nersc/bin
PATH: /usr/local/bin
PATH: /usr/lib/mit/bin
PATH: /opt/cray/pe/bin


## ----------- ##
## Core tests. ##
## ----------- ##

configure:2368: checking for gcc
configure:2384: found /usr/bin/gcc
configure:2395: result: gcc
configure:2624: checking for C compiler version
configure:2633: gcc --version >&5
gcc (SUSE Linux) 12.3.0
Copyright (C) 2022 Free Software Foundation, Inc.
This is free software; see the source for copying conditions.  There is NO
warranty; not even for MERCHANTABILITY or FITNESS FOR A PARTICULAR PURPOSE.

configure:2644: $? = 0
configure:2633: gcc -v >&5
Using built-in specs.
COLLECT_GCC=gcc
COLLECT_LTO_WRAPPER=/usr/lib64/gcc/x86_64-suse-linux/12/lto-wrapper
OFFLOAD_TARGET_NAMES=nvptx-none
OFFLOAD_TARGET_DEFAULT=1
Target: x86_64-suse-linux
Configured with: ../configure --prefix=/usr --infodir=/usr/share/info --mandir=/usr/share/man --libdir=/usr/lib64 --libexecdir=/usr/lib64 --enable-languages=c,c++,objc,fortran,obj-c++,ada,go,d --enable-offload-targets=nvptx-none, --enable-offload-defaulted --without-cuda-driver --enable-checking=release --disable-werror --with-gxx-include-dir=/usr/include/c++/12 --enable-ssp --disable-libssp --disable-libvtv --enable-cet=auto --disable-libcc1 --disable-plugin --with-bugurl=https://bugs.opensuse.org/ --with-pkgversion='SUSE Linux' --with-slibdir=/lib64 --with-system-zlib --enable-libstdcxx-allocator=new --disable-libstdcxx-pch --enable-libphobos --enable-version-specific-runtime-libs --with-gcc-major-version-only --enable-linker-build-id --enable-linux-futex --enable-gnu-indirect-function --program-suffix=-12 --without-system-libunwind --enable-multilib --with-arch-32=x86-64 --with-tune=generic --enable-link-serialization --build=x86_64-suse-linux --host=x86_64-suse-linux
Thread model: posix
Supported LTO compression algorithms: zlib
gcc version 12.3.0 (SUSE Linux) 
... rest of stderr output deleted ...
configure:2644: $? = 0
configure:2633: gcc -V >&5
gcc: error: unrecognized command-line option '-V'
gcc: fatal error: no input files
compilation terminated.
configure:2644: $? = 1
configure:2633: gcc -qversion >&5
gcc: error: unrecognized command-line option '-qversion'; did you mean '--version'?
gcc: fatal error: no input files
compilation terminated.
configure:2644: $? = 1
configure:2664: checking whether the C compiler works
configure:2686: gcc -O2 -I/usr/local/include -L/usr/local/lib   conftest.c  >&5
configure:2690: $? = 0
configure:2738: result: yes
configure:2741: checking for C compiler default output file name
configure:2743: result: a.out
configure:2749: checking for suffix of executables
configure:2756: gcc -o conftest -O2 -I/usr/local/include -L/usr/local/lib   conftest.c  >&5
configure:2760: $? = 0
configure:2782: result: 
configure:2804: checking whether we are cross compiling
configure:2812: gcc -o conftest -O2 -I/usr/local/include -L/usr/local/lib   conftest.c  >&5
configure:2816: $? = 0
configure:2823: ./conftest
configure:2827: $? = 0
configure:2842: result: no
configure:2847: checking for suffix of object files
configure:2869: gcc -c -O2 -I/usr/local/include -L/usr/local/lib  conftest.c >&5
configure:2873: $? = 0
configure:2894: result: o
configure:2898: checking whether we are using the GNU C compiler
configure:2917: gcc -c -O2 -I/usr/local/include -L/usr/local/lib  conftest.c >&5
configure:2917: $? = 0
configure:2926: result: yes
configure:2935: checking whether gcc accepts -g
configure:2955: gcc -c -g  conftest.c >&5
configure:2955: $? = 0
configure:2996: result: yes
configure:3013: checking for gcc option to accept ISO C89
configure:3076: gcc  -c -O2 -I/usr/local/include -L/usr/local/lib  conftest.c >&5
configure:3076: $? = 0
configure:3089: result: none needed
configure:3109: checking for a sed that does not truncate output
configure:3173: result: /usr/bin/sed
configure:3188: checking whether C compiler accepts -march=native
configure:3207: gcc -c -O2 -I/usr/local/include -L/usr/local/lib  -march=native  conftest.c >&5
configure:3207: $? = 0
configure:3215: result: yes
configure:3305: checking whether C compiler accepts -ffast-math
configure:3324: gcc -march=native -c -O2 -I/usr/local/include -L/usr/local/lib  -ffast-math  conftest.c >&5
configure:3324: $? = 0
configure:3332: result: yes
configure:3340: checking whether C compiler accepts -fomit-frame-pointer
configure:3359: gcc -march=native -c -O2 -I/usr/local/include -L/usr/local/lib -ffast-math  -fomit-frame-pointer  conftest.c >&5
configure:3359: $? = 0
configure:3367: result: yes
configure:3375: checking whether C compiler accepts -std=gnu99
configure:3394: gcc -march=native -c -O2 -I/usr/local/include -L/usr/local/lib -ffast-math -fomit-frame-pointer  -std=gnu99  conftest.c >&5
configure:3394: $? = 0
configure:3402: result: yes
configure:3417: checking how to run the C preprocessor
configure:3448: gcc -march=native -E  conftest.c
configure:3448: $? = 0
configure:3462: gcc -march=native -E  conftest.c
conftest.c:9:10: fatal error: ac_nonexistent.h: No such file or directory
    9 | #include <ac_nonexistent.h>
      |          ^~~~~~~~~~~~~~~~~~
compilation terminated.
configure:3462: $? = 1
configure: failed program was:
| /* confdefs.h */
| #define PACKAGE_NAME "SHTns"
| #define PACKAGE_TARNAME "shtns"
| #define PACKAGE_VERSION "2.6.5"
| #define PACKAGE_STRING "SHTns 2.6.5"
| #define PACKAGE_BUGREPORT ""
| #define PACKAGE_URL "https://bitbucket.org/nschaeff/shtns"
| /* end confdefs.h.  */
| #include <ac_nonexistent.h>
configure:3487: result: gcc -march=native -E
configure:3507: gcc -march=native -E  conftest.c
configure:3507: $? = 0
configure:3521: gcc -march=native -E  conftest.c
conftest.c:9:10: fatal error: ac_nonexistent.h: No such file or directory
    9 | #include <ac_nonexistent.h>
      |          ^~~~~~~~~~~~~~~~~~
compilation terminated.
configure:3521: $? = 1
configure: failed program was:
| /* confdefs.h */
| #define PACKAGE_NAME "SHTns"
| #define PACKAGE_TARNAME "shtns"
| #define PACKAGE_VERSION "2.6.5"
| #define PACKAGE_STRING "SHTns 2.6.5"
| #define PACKAGE_BUGREPORT ""
| #define PACKAGE_URL "https://bitbucket.org/nschaeff/shtns"
| /* end confdefs.h.  */
| #include <ac_nonexistent.h>
configure:3550: checking for grep that handles long lines and -e
configure:3608: result: /usr/bin/grep
configure:3613: checking for egrep
configure:3675: result: /usr/bin/grep -E
configure:3697: checking for ANSI C header files
configure:3717: gcc -march=native -c -O2 -I/usr/local/include -L/usr/local/lib -ffast-math -fomit-frame-pointer -std=gnu99  conftest.c >&5
configure:3717: $? = 0
configure:3790: gcc -march=native -o conftest -O2 -I/usr/local/include -L/usr/local/lib -ffast-math -fomit-frame-pointer -std=gnu99   conftest.c  >&5
configure:3790: $? = 0
configure:3790: ./conftest
configure:3790: $? = 0
configure:3801: result: yes
configure:3814: checking for sys/types.h
configure:3814: gcc -march=native -c -O2 -I/usr/local/include -L/usr/local/lib -ffast-math -fomit-frame-pointer -std=gnu99  conftest.c >&5
configure:3814: $? = 0
configure:3814: result: yes
configure:3814: checking for sys/stat.h
configure:3814: gcc -march=native -c -O2 -I/usr/local/include -L/usr/local/lib -ffast-math -fomit-frame-pointer -std=gnu99  conftest.c >&5
configure:3814: $? = 0
configure:3814: result: yes
configure:3814: checking for stdlib.h
configure:3814: gcc -march=native -c -O2 -I/usr/local/include -L/usr/local/lib -ffast-math -fomit-frame-pointer -std=gnu99  conftest.c >&5
configure:3814: $? = 0
configure:3814: result: yes
configure:3814: checking for string.h
configure:3814: gcc -march=native -c -O2 -I/usr/local/include -L/usr/local/lib -ffast-math -fomit-frame-pointer -std=gnu99  conftest.c >&5
configure:3814: $? = 0
configure:3814: result: yes
configure:3814: checking for memory.h
configure:3814: gcc -march=native -c -O2 -I/usr/local/include -L/usr/local/lib -ffast-math -fomit-frame-pointer -std=gnu99  conftest.c >&5
configure:3814: $? = 0
configure:3814: result: yes
configure:3814: checking for strings.h
configure:3814: gcc -march=native -c -O2 -I/usr/local/include -L/usr/local/lib -ffast-math -fomit-frame-pointer -std=gnu99  conftest.c >&5
configure:3814: $? = 0
configure:3814: result: yes
configure:3814: checking for inttypes.h
configure:3814: gcc -march=native -c -O2 -I/usr/local/include -L/usr/local/lib -ffast-math -fomit-frame-pointer -std=gnu99  conftest.c >&5
configure:3814: $? = 0
configure:3814: result: yes
configure:3814: checking for stdint.h
configure:3814: gcc -march=native -c -O2 -I/usr/local/include -L/usr/local/lib -ffast-math -fomit-frame-pointer -std=gnu99  conftest.c >&5
configure:3814: $? = 0
configure:3814: result: yes
configure:3814: checking for unistd.h
configure:3814: gcc -march=native -c -O2 -I/usr/local/include -L/usr/local/lib -ffast-math -fomit-frame-pointer -std=gnu99  conftest.c >&5
configure:3814: $? = 0
configure:3814: result: yes
configure:3829: checking for stdlib.h
configure:3829: result: yes
configure:3829: checking stdio.h usability
configure:3829: gcc -march=native -c -O2 -I/usr/local/include -L/usr/local/lib -ffast-math -fomit-frame-pointer -std=gnu99  conftest.c >&5
configure:3829: $? = 0
configure:3829: result: yes
configure:3829: checking stdio.h presence
configure:3829: gcc -march=native -E  conftest.c
configure:3829: $? = 0
configure:3829: result: yes
configure:3829: checking for stdio.h
configure:3829: result: yes
configure:3829: checking for string.h
configure:3829: result: yes
configure:3829: checking math.h usability
configure:3829: gcc -march=native -c -O2 -I/usr/local/include -L/usr/local/lib -ffast-math -fomit-frame-pointer -std=gnu99  conftest.c >&5
configure:3829: $? = 0
configure:3829: result: yes
configure:3829: checking math.h presence
configure:3829: gcc -march=native -E  conftest.c
configure:3829: $? = 0
configure:3829: result: yes
configure:3829: checking for math.h
configure:3829: result: yes
configure:3829: checking complex.h usability
configure:3829: gcc -march=native -c -O2 -I/usr/local/include -L/usr/local/lib -ffast-math -fomit-frame-pointer -std=gnu99  conftest.c >&5
configure:3829: $? = 0
configure:3829: result: yes
configure:3829: checking complex.h presence
configure:3829: gcc -march=native -E  conftest.c
configure:3829: $? = 0
configure:3829: result: yes
configure:3829: checking for complex.h
configure:3829: result: yes
configure:3841: checking for cos in -lm
configure:3866: gcc -march=native -o conftest -O2 -I/usr/local/include -L/usr/local/lib -ffast-math -fomit-frame-pointer -std=gnu99   conftest.c -lm   >&5
conftest.c:31:6: warning: conflicting types for built-in function 'cos'; expected 'double(double)' [-Wbuiltin-declaration-mismatch]
   31 | char cos ();
      |      ^~~
conftest.c:1:1: note: 'cos' is declared in header '<math.h>'
    1 | /* confdefs.h */
configure:3866: $? = 0
configure:3875: result: yes
configure:3889: checking for clock_gettime in -lrt
configure:3914: gcc -march=native -o conftest -O2 -I/usr/local/include -L/usr/local/lib -ffast-math -fomit-frame-pointer -std=gnu99   conftest.c -lrt  -lm  >&5
configure:3914: $? = 0
configure:3923: result: yes
configure:4156: checking for fftw_plan_many_dft in -lfftw3
configure:4181: gcc -march=native -o conftest -O2 -I/usr/local/include -L/usr/local/lib -ffast-math -fomit-frame-pointer -std=gnu99   conftest.c -lfftw3  -lrt -lm  >&5
/usr/lib64/gcc/x86_64-suse-linux/12/../../../../x86_64-suse-linux/bin/ld: cannot find -lfftw3: No such file or directory
collect2: error: ld returned 1 exit status
configure:4181: $? = 1
configure: failed program was:
| /* confdefs.h */
| #define PACKAGE_NAME "SHTns"
| #define PACKAGE_TARNAME "shtns"
| #define PACKAGE_VERSION "2.6.5"
| #define PACKAGE_STRING "SHTns 2.6.5"
| #define PACKAGE_BUGREPORT ""
| #define PACKAGE_URL "https://bitbucket.org/nschaeff/shtns"
| #define STDC_HEADERS 1
| #define HAVE_SYS_TYPES_H 1
| #define HAVE_SYS_STAT_H 1
| #define HAVE_STDLIB_H 1
| #define HAVE_STRING_H 1
| #define HAVE_MEMORY_H 1
| #define HAVE_STRINGS_H 1
| #define HAVE_INTTYPES_H 1
| #define HAVE_STDINT_H 1
| #define HAVE_UNISTD_H 1
| #define HAVE_STDLIB_H 1
| #define HAVE_STDIO_H 1
| #define HAVE_STRING_H 1
| #define HAVE_MATH_H 1
| #define HAVE_COMPLEX_H 1
| #define HAVE_LIBM 1
| #define HAVE_LIBRT 1
| /* end confdefs.h.  */
| 
| /* Override any GCC internal prototype to avoid an error.
|    Use char because int might match the return type of a GCC
|    builtin and then its argument prototype would still apply.  */
| #ifdef __cplusplus
| extern "C"
| #endif
| char fftw_plan_many_dft ();
| int
| main ()
| {
| return fftw_plan_many_dft ();
|   ;
|   return 0;
| }
configure:4190: result: no
configure:4200: error: FFTW3 library required.

## ---------------- ##
## Cache variables. ##
## ---------------- ##

ac_cv_c_compiler_gnu=yes
ac_cv_env_CC_set=
ac_cv_env_CC_value=
ac_cv_env_CFLAGS_set=
ac_cv_env_CFLAGS_value=
ac_cv_env_CPPFLAGS_set=
ac_cv_env_CPPFLAGS_value=
ac_cv_env_CPP_set=
ac_cv_env_CPP_value=
ac_cv_env_FCFLAGS_set=
ac_cv_env_FCFLAGS_value=
ac_cv_env_FC_set=
ac_cv_env_FC_value=
ac_cv_env_LDFLAGS_set=
ac_cv_env_LDFLAGS_value=
ac_cv_env_LIBS_set=
ac_cv_env_LIBS_value=
ac_cv_env_PYTHON_set=
ac_cv_env_PYTHON_value=
ac_cv_env_build_alias_set=
ac_cv_env_build_alias_value=
ac_cv_env_host_alias_set=
ac_cv_env_host_alias_value=
ac_cv_env_target_alias_set=
ac_cv_env_target_alias_value=
ac_cv_header_complex_h=yes
ac_cv_header_inttypes_h=yes
ac_cv_header_math_h=yes
ac_cv_header_memory_h=yes
ac_cv_header_stdc=yes
ac_cv_header_stdint_h=yes
ac_cv_header_stdio_h=yes
ac_cv_header_stdlib_h=yes
ac_cv_header_string_h=yes
ac_cv_header_strings_h=yes
ac_cv_header_sys_stat_h=yes
ac_cv_header_sys_types_h=yes
ac_cv_header_unistd_h=yes
ac_cv_lib_fftw3_fftw_plan_many_dft=no
ac_cv_lib_m_cos=yes
ac_cv_lib_rt_clock_gettime=yes
ac_cv_objext=o
ac_cv_path_EGREP='/usr/bin/grep -E'
ac_cv_path_GREP=/usr/bin/grep
ac_cv_path_SED=/usr/bin/sed
ac_cv_prog_CPP='gcc -march=native -E'
ac_cv_prog_ac_ct_CC=gcc
ac_cv_prog_cc_c89=
ac_cv_prog_cc_g=yes
ax_cv_check_cflags___ffast_math=yes
ax_cv_check_cflags___fomit_frame_pointer=yes
ax_cv_check_cflags___march_native=yes
ax_cv_check_cflags___std_gnu99=yes

## ----------------- ##
## Output variables. ##
## ----------------- ##

CC='gcc -march=native'
CFLAGS='-O2 -I/usr/local/include -L/usr/local/lib -ffast-math -fomit-frame-pointer -std=gnu99'
CPP='gcc -march=native -E'
CPPFLAGS=''
DEFS=''
ECHO_C=''
ECHO_N='-n'
ECHO_T=''
EGREP='/usr/bin/grep -E'
EXEEXT=''
FC=''
FCFLAGS=''
GREP='/usr/bin/grep'
LDFLAGS=''
LIBOBJS=''
LIBS='-lrt -lm '
LTLIBOBJS=''
OBJEXT='o'
OPENMP_CFLAGS=''
PACKAGE_BUGREPORT=''
PACKAGE_NAME='SHTns'
PACKAGE_STRING='SHTns 2.6.5'
PACKAGE_TARNAME='shtns'
PACKAGE_URL='https://bitbucket.org/nschaeff/shtns'
PACKAGE_VERSION='2.6.5'
PATH_SEPARATOR=':'
PYTHON=''
SED='/usr/bin/sed'
SHELL='/bin/sh'
ac_ct_CC='gcc'
ac_ct_FC=''
bindir='${exec_prefix}/bin'
build_alias=''
datadir='${datarootdir}'
datarootdir='${prefix}/share'
docdir='${datarootdir}/doc/${PACKAGE_TARNAME}'
dvidir='${docdir}'
exec_prefix='NONE'
host_alias=''
htmldir='${docdir}'
includedir='${prefix}/include'
infodir='${datarootdir}/info'
install='install-lib'
libdir='${exec_prefix}/lib'
libexecdir='${exec_prefix}/libexec'
libname='libshtns.a'
localedir='${datarootdir}/locale'
localstatedir='${prefix}/var'
mandir='${datarootdir}/man'
numpy_inc=''
objs='sht_fly.o'
oldincludedir='/usr/include'
pdfdir='${docdir}'
prefix='/usr/local'
program_transform_name='s,x,x,'
psdir='${docdir}'
python_inc=''
sbindir='${exec_prefix}/sbin'
sharedstatedir='${prefix}/com'
shtcc_flags='-O3'
sysconfdir='${prefix}/etc'
target='libshtns.a'
target_alias=''

## ----------- ##
## confdefs.h. ##
## ----------- ##

/* confdefs.h */
#define PACKAGE_NAME "SHTns"
#define PACKAGE_TARNAME "shtns"
#define PACKAGE_VERSION "2.6.5"
#define PACKAGE_STRING "SHTns 2.6.5"
#define PACKAGE_BUGREPORT ""
#define PACKAGE_URL "https://bitbucket.org/nschaeff/shtns"
#define STDC_HEADERS 1
#define HAVE_SYS_TYPES_H 1
#define HAVE_SYS_STAT_H 1
#define HAVE_STDLIB_H 1
#define HAVE_STRING_H 1
#define HAVE_MEMORY_H 1
#define HAVE_STRINGS_H 1
#define HAVE_INTTYPES_H 1
#define HAVE_STDINT_H 1
#define HAVE_UNISTD_H 1
#define HAVE_STDLIB_H 1
#define HAVE_STDIO_H 1
#define HAVE_STRING_H 1
#define HAVE_MATH_H 1
#define HAVE_COMPLEX_H 1
#define HAVE_LIBM 1
#define HAVE_LIBRT 1

configure: exit 1
