This file contains any messages produced by compilers while
running configure, to aid debugging if configure makes a mistake.

It was created by SHTns configure 2.6.5, which was
generated by GNU Autoconf 2.69.  Invocation command line was

  $ ./configure --enable-openmp

## --------- ##
## Platform. ##
## --------- ##

hostname = cori03
uname -m = x86_64
uname -r = 3.12.60-52.57.1.11767.0.PTF.996988-default
uname -s = Linux
uname -v = #1 SMP Mon Oct 24 15:33:30 UTC 2016 ()

/usr/bin/uname -p = x86_64
/bin/uname -X     = unknown

/bin/arch              = x86_64
/usr/bin/arch -k       = unknown
/usr/convex/getsysinfo = unknown
/usr/bin/hostinfo      = unknown
/bin/machine           = unknown
/usr/bin/oslevel       = unknown
/bin/universe          = unknown

PATH: /opt/cray/pe/fftw/3.3.4.10/haswell/bin
PATH: /opt/cray/pe/hdf5/1.8.16/bin
PATH: /opt/cray/pe/netcdf/4.4.1/bin
PATH: /usr/common/software/darshan/3.0.1.1/bin
PATH: /usr/common/software/altd/2.0/bin
PATH: /usr/common/software/bin
PATH: /usr/common/mss/bin
PATH: /usr/common/nsg/bin
PATH: /opt/cray/pe/mpt/7.4.4/gni/bin
PATH: /opt/cray/rca/1.0.0-8.1/bin
PATH: /opt/cray/alps/6.1.3-17.12/sbin
PATH: /opt/cray/job/1.5.5-3.58/bin
PATH: /opt/cray/pe/pmi/5.0.10-1.0000.11050.0.0.ari/bin
PATH: /opt/cray/pe/craype/2.5.7/bin
PATH: /opt/intel/compilers_and_libraries_2017.1.132/linux/bin/intel64
PATH: /usr/syscom/nsg/sbin
PATH: /usr/syscom/nsg/bin
PATH: /opt/cray/pe/modules/3.2.10.5/bin
PATH: /global/homes/w/whitaker/bin
PATH: /usr/bin
PATH: /bin
PATH: /usr/sbin
PATH: /sbin
PATH: /usr/local/bin
PATH: /usr/bin/X11
PATH: /usr/games
PATH: /usr/lib/mit/bin
PATH: /usr/lib/mit/sbin
PATH: /opt/cray/pe/bin


## ----------- ##
## Core tests. ##
## ----------- ##

configure:2368: checking for gcc
configure:2384: found /usr/bin/gcc
configure:2395: result: gcc
configure:2624: checking for C compiler version
configure:2633: gcc --version >&5
gcc (SUSE Linux) 4.8.5
Copyright (C) 2015 Free Software Foundation, Inc.
This is free software; see the source for copying conditions.  There is NO
warranty; not even for MERCHANTABILITY or FITNESS FOR A PARTICULAR PURPOSE.

configure:2644: $? = 0
configure:2633: gcc -v >&5
Using built-in specs.
COLLECT_GCC=gcc
COLLECT_LTO_WRAPPER=/usr/lib64/gcc/x86_64-suse-linux/4.8/lto-wrapper
Target: x86_64-suse-linux
Configured with: ../configure --prefix=/usr --infodir=/usr/share/info --mandir=/usr/share/man --libdir=/usr/lib64 --libexecdir=/usr/lib64 --enable-languages=c,c++,objc,fortran,obj-c++,java,ada --enable-checking=release --with-gxx-include-dir=/usr/include/c++/4.8 --enable-ssp --disable-libssp --disable-plugin --with-bugurl=http://bugs.opensuse.org/ --with-pkgversion='SUSE Linux' --disable-libgcj --disable-libmudflap --with-slibdir=/lib64 --with-system-zlib --enable-__cxa_atexit --enable-libstdcxx-allocator=new --disable-libstdcxx-pch --enable-version-specific-runtime-libs --enable-linker-build-id --enable-linux-futex --program-suffix=-4.8 --without-system-libunwind --with-arch-32=i586 --with-tune=generic --build=x86_64-suse-linux --host=x86_64-suse-linux
Thread model: posix
gcc version 4.8.5 (SUSE Linux) 
configure:2644: $? = 0
configure:2633: gcc -V >&5
gcc: error: unrecognized command line option '-V'
gcc: fatal error: no input files
compilation terminated.
configure:2644: $? = 1
configure:2633: gcc -qversion >&5
gcc: error: unrecognized command line option '-qversion'
gcc: fatal error: no input files
compilation terminated.
configure:2644: $? = 1
configure:2664: checking whether the C compiler works
configure:2686: gcc -O2 -I/usr/local/include -L/usr/local/lib -L/opt/cray/pe/fftw/3.3.4.10/haswell/include -L/opt/cray/pe/fftw/3.3.4.10/haswell/lib conftest.c  >&5
configure:2690: $? = 0
configure:2738: result: yes
configure:2741: checking for C compiler default output file name
configure:2743: result: a.out
configure:2749: checking for suffix of executables
configure:2756: gcc -o conftest -O2 -I/usr/local/include -L/usr/local/lib -L/opt/cray/pe/fftw/3.3.4.10/haswell/include -L/opt/cray/pe/fftw/3.3.4.10/haswell/lib conftest.c  >&5
configure:2760: $? = 0
configure:2782: result: 
configure:2804: checking whether we are cross compiling
configure:2812: gcc -o conftest -O2 -I/usr/local/include -L/usr/local/lib -L/opt/cray/pe/fftw/3.3.4.10/haswell/include -L/opt/cray/pe/fftw/3.3.4.10/haswell/lib conftest.c  >&5
configure:2816: $? = 0
configure:2823: ./conftest
configure:2827: $? = 0
configure:2842: result: no
configure:2847: checking for suffix of object files
configure:2869: gcc -c -O2 -I/usr/local/include -L/usr/local/lib -L/opt/cray/pe/fftw/3.3.4.10/haswell/include conftest.c >&5
configure:2873: $? = 0
configure:2894: result: o
configure:2898: checking whether we are using the GNU C compiler
configure:2917: gcc -c -O2 -I/usr/local/include -L/usr/local/lib -L/opt/cray/pe/fftw/3.3.4.10/haswell/include conftest.c >&5
configure:2917: $? = 0
configure:2926: result: yes
configure:2935: checking whether gcc accepts -g
configure:2955: gcc -c -g -L/opt/cray/pe/fftw/3.3.4.10/haswell/include conftest.c >&5
configure:2955: $? = 0
configure:2996: result: yes
configure:3013: checking for gcc option to accept ISO C89
configure:3076: gcc  -c -O2 -I/usr/local/include -L/usr/local/lib -L/opt/cray/pe/fftw/3.3.4.10/haswell/include conftest.c >&5
configure:3076: $? = 0
configure:3089: result: none needed
configure:3109: checking for a sed that does not truncate output
configure:3173: result: /usr/bin/sed
configure:3188: checking whether C compiler accepts -march=native
configure:3207: gcc -c -O2 -I/usr/local/include -L/usr/local/lib  -march=native -L/opt/cray/pe/fftw/3.3.4.10/haswell/include conftest.c >&5
configure:3207: $? = 0
configure:3215: result: yes
configure:3305: checking whether C compiler accepts -ffast-math
configure:3324: gcc -march=native -c -O2 -I/usr/local/include -L/usr/local/lib  -ffast-math -L/opt/cray/pe/fftw/3.3.4.10/haswell/include conftest.c >&5
configure:3324: $? = 0
configure:3332: result: yes
configure:3340: checking whether C compiler accepts -fomit-frame-pointer
configure:3359: gcc -march=native -c -O2 -I/usr/local/include -L/usr/local/lib -ffast-math  -fomit-frame-pointer -L/opt/cray/pe/fftw/3.3.4.10/haswell/include conftest.c >&5
configure:3359: $? = 0
configure:3367: result: yes
configure:3375: checking whether C compiler accepts -std=gnu99
configure:3394: gcc -march=native -c -O2 -I/usr/local/include -L/usr/local/lib -ffast-math -fomit-frame-pointer  -std=gnu99 -L/opt/cray/pe/fftw/3.3.4.10/haswell/include conftest.c >&5
configure:3394: $? = 0
configure:3402: result: yes
configure:3417: checking how to run the C preprocessor
configure:3448: gcc -march=native -E -L/opt/cray/pe/fftw/3.3.4.10/haswell/include conftest.c
configure:3448: $? = 0
configure:3462: gcc -march=native -E -L/opt/cray/pe/fftw/3.3.4.10/haswell/include conftest.c
conftest.c:9:28: fatal error: ac_nonexistent.h: No such file or directory
 #include <ac_nonexistent.h>
                            ^
compilation terminated.
configure:3462: $? = 1
configure: failed program was:
| /* confdefs.h */
| #define PACKAGE_NAME "SHTns"
| #define PACKAGE_TARNAME "shtns"
| #define PACKAGE_VERSION "2.6.5"
| #define PACKAGE_STRING "SHTns 2.6.5"
| #define PACKAGE_BUGREPORT ""
| #define PACKAGE_URL "https://bitbucket.org/nschaeff/shtns"
| /* end confdefs.h.  */
| #include <ac_nonexistent.h>
configure:3487: result: gcc -march=native -E
configure:3507: gcc -march=native -E -L/opt/cray/pe/fftw/3.3.4.10/haswell/include conftest.c
configure:3507: $? = 0
configure:3521: gcc -march=native -E -L/opt/cray/pe/fftw/3.3.4.10/haswell/include conftest.c
conftest.c:9:28: fatal error: ac_nonexistent.h: No such file or directory
 #include <ac_nonexistent.h>
                            ^
compilation terminated.
configure:3521: $? = 1
configure: failed program was:
| /* confdefs.h */
| #define PACKAGE_NAME "SHTns"
| #define PACKAGE_TARNAME "shtns"
| #define PACKAGE_VERSION "2.6.5"
| #define PACKAGE_STRING "SHTns 2.6.5"
| #define PACKAGE_BUGREPORT ""
| #define PACKAGE_URL "https://bitbucket.org/nschaeff/shtns"
| /* end confdefs.h.  */
| #include <ac_nonexistent.h>
configure:3550: checking for grep that handles long lines and -e
configure:3608: result: /usr/bin/grep
configure:3613: checking for egrep
configure:3675: result: /usr/bin/grep -E
configure:3697: checking for ANSI C header files
configure:3717: gcc -march=native -c -O2 -I/usr/local/include -L/usr/local/lib -ffast-math -fomit-frame-pointer -std=gnu99 -L/opt/cray/pe/fftw/3.3.4.10/haswell/include conftest.c >&5
configure:3717: $? = 0
configure:3790: gcc -march=native -o conftest -O2 -I/usr/local/include -L/usr/local/lib -ffast-math -fomit-frame-pointer -std=gnu99 -L/opt/cray/pe/fftw/3.3.4.10/haswell/include -L/opt/cray/pe/fftw/3.3.4.10/haswell/lib conftest.c  >&5
configure:3790: $? = 0
configure:3790: ./conftest
configure:3790: $? = 0
configure:3801: result: yes
configure:3814: checking for sys/types.h
configure:3814: gcc -march=native -c -O2 -I/usr/local/include -L/usr/local/lib -ffast-math -fomit-frame-pointer -std=gnu99 -L/opt/cray/pe/fftw/3.3.4.10/haswell/include conftest.c >&5
configure:3814: $? = 0
configure:3814: result: yes
configure:3814: checking for sys/stat.h
configure:3814: gcc -march=native -c -O2 -I/usr/local/include -L/usr/local/lib -ffast-math -fomit-frame-pointer -std=gnu99 -L/opt/cray/pe/fftw/3.3.4.10/haswell/include conftest.c >&5
configure:3814: $? = 0
configure:3814: result: yes
configure:3814: checking for stdlib.h
configure:3814: gcc -march=native -c -O2 -I/usr/local/include -L/usr/local/lib -ffast-math -fomit-frame-pointer -std=gnu99 -L/opt/cray/pe/fftw/3.3.4.10/haswell/include conftest.c >&5
configure:3814: $? = 0
configure:3814: result: yes
configure:3814: checking for string.h
configure:3814: gcc -march=native -c -O2 -I/usr/local/include -L/usr/local/lib -ffast-math -fomit-frame-pointer -std=gnu99 -L/opt/cray/pe/fftw/3.3.4.10/haswell/include conftest.c >&5
configure:3814: $? = 0
configure:3814: result: yes
configure:3814: checking for memory.h
configure:3814: gcc -march=native -c -O2 -I/usr/local/include -L/usr/local/lib -ffast-math -fomit-frame-pointer -std=gnu99 -L/opt/cray/pe/fftw/3.3.4.10/haswell/include conftest.c >&5
configure:3814: $? = 0
configure:3814: result: yes
configure:3814: checking for strings.h
configure:3814: gcc -march=native -c -O2 -I/usr/local/include -L/usr/local/lib -ffast-math -fomit-frame-pointer -std=gnu99 -L/opt/cray/pe/fftw/3.3.4.10/haswell/include conftest.c >&5
configure:3814: $? = 0
configure:3814: result: yes
configure:3814: checking for inttypes.h
configure:3814: gcc -march=native -c -O2 -I/usr/local/include -L/usr/local/lib -ffast-math -fomit-frame-pointer -std=gnu99 -L/opt/cray/pe/fftw/3.3.4.10/haswell/include conftest.c >&5
configure:3814: $? = 0
configure:3814: result: yes
configure:3814: checking for stdint.h
configure:3814: gcc -march=native -c -O2 -I/usr/local/include -L/usr/local/lib -ffast-math -fomit-frame-pointer -std=gnu99 -L/opt/cray/pe/fftw/3.3.4.10/haswell/include conftest.c >&5
configure:3814: $? = 0
configure:3814: result: yes
configure:3814: checking for unistd.h
configure:3814: gcc -march=native -c -O2 -I/usr/local/include -L/usr/local/lib -ffast-math -fomit-frame-pointer -std=gnu99 -L/opt/cray/pe/fftw/3.3.4.10/haswell/include conftest.c >&5
configure:3814: $? = 0
configure:3814: result: yes
configure:3829: checking for stdlib.h
configure:3829: result: yes
configure:3829: checking stdio.h usability
configure:3829: gcc -march=native -c -O2 -I/usr/local/include -L/usr/local/lib -ffast-math -fomit-frame-pointer -std=gnu99 -L/opt/cray/pe/fftw/3.3.4.10/haswell/include conftest.c >&5
configure:3829: $? = 0
configure:3829: result: yes
configure:3829: checking stdio.h presence
configure:3829: gcc -march=native -E -L/opt/cray/pe/fftw/3.3.4.10/haswell/include conftest.c
configure:3829: $? = 0
configure:3829: result: yes
configure:3829: checking for stdio.h
configure:3829: result: yes
configure:3829: checking for string.h
configure:3829: result: yes
configure:3829: checking math.h usability
configure:3829: gcc -march=native -c -O2 -I/usr/local/include -L/usr/local/lib -ffast-math -fomit-frame-pointer -std=gnu99 -L/opt/cray/pe/fftw/3.3.4.10/haswell/include conftest.c >&5
configure:3829: $? = 0
configure:3829: result: yes
configure:3829: checking math.h presence
configure:3829: gcc -march=native -E -L/opt/cray/pe/fftw/3.3.4.10/haswell/include conftest.c
configure:3829: $? = 0
configure:3829: result: yes
configure:3829: checking for math.h
configure:3829: result: yes
configure:3829: checking complex.h usability
configure:3829: gcc -march=native -c -O2 -I/usr/local/include -L/usr/local/lib -ffast-math -fomit-frame-pointer -std=gnu99 -L/opt/cray/pe/fftw/3.3.4.10/haswell/include conftest.c >&5
configure:3829: $? = 0
configure:3829: result: yes
configure:3829: checking complex.h presence
configure:3829: gcc -march=native -E -L/opt/cray/pe/fftw/3.3.4.10/haswell/include conftest.c
configure:3829: $? = 0
configure:3829: result: yes
configure:3829: checking for complex.h
configure:3829: result: yes
configure:3841: checking for cos in -lm
configure:3866: gcc -march=native -o conftest -O2 -I/usr/local/include -L/usr/local/lib -ffast-math -fomit-frame-pointer -std=gnu99 -L/opt/cray/pe/fftw/3.3.4.10/haswell/include -L/opt/cray/pe/fftw/3.3.4.10/haswell/lib conftest.c -lm   >&5
conftest.c:31:6: warning: conflicting types for built-in function 'cos' [enabled by default]
 char cos ();
      ^
configure:3866: $? = 0
configure:3875: result: yes
configure:3889: checking for clock_gettime in -lrt
configure:3914: gcc -march=native -o conftest -O2 -I/usr/local/include -L/usr/local/lib -ffast-math -fomit-frame-pointer -std=gnu99 -L/opt/cray/pe/fftw/3.3.4.10/haswell/include -L/opt/cray/pe/fftw/3.3.4.10/haswell/lib conftest.c -lrt  -lm  >&5
configure:3914: $? = 0
configure:3923: result: yes
configure:3964: checking for gcc -march=native option to support OpenMP
configure:3979: gcc -march=native -o conftest -O2 -I/usr/local/include -L/usr/local/lib -ffast-math -fomit-frame-pointer -std=gnu99 -L/opt/cray/pe/fftw/3.3.4.10/haswell/include -L/opt/cray/pe/fftw/3.3.4.10/haswell/lib conftest.c -lrt -lm  >&5
conftest.c:28:2: error: unknown type name 'choke'
  choke me
  ^
In file included from conftest.c:30:0:
/usr/lib64/gcc/x86_64-suse-linux/4.8/include/omp.h:34:1: error: expected '=', ',', ';', 'asm' or '__attribute__' before 'typedef'
 typedef struct
 ^
configure:3979: $? = 1
configure: failed program was:
| /* confdefs.h */
| #define PACKAGE_NAME "SHTns"
| #define PACKAGE_TARNAME "shtns"
| #define PACKAGE_VERSION "2.6.5"
| #define PACKAGE_STRING "SHTns 2.6.5"
| #define PACKAGE_BUGREPORT ""
| #define PACKAGE_URL "https://bitbucket.org/nschaeff/shtns"
| #define STDC_HEADERS 1
| #define HAVE_SYS_TYPES_H 1
| #define HAVE_SYS_STAT_H 1
| #define HAVE_STDLIB_H 1
| #define HAVE_STRING_H 1
| #define HAVE_MEMORY_H 1
| #define HAVE_STRINGS_H 1
| #define HAVE_INTTYPES_H 1
| #define HAVE_STDINT_H 1
| #define HAVE_UNISTD_H 1
| #define HAVE_STDLIB_H 1
| #define HAVE_STDIO_H 1
| #define HAVE_STRING_H 1
| #define HAVE_MATH_H 1
| #define HAVE_COMPLEX_H 1
| #define HAVE_LIBM 1
| #define HAVE_LIBRT 1
| /* end confdefs.h.  */
| 
| #ifndef _OPENMP
|  choke me
| #endif
| #include <omp.h>
| int main () { return omp_get_num_threads (); }
| 
configure:3997: gcc -march=native -o conftest -O2 -I/usr/local/include -L/usr/local/lib -ffast-math -fomit-frame-pointer -std=gnu99 -fopenmp -L/opt/cray/pe/fftw/3.3.4.10/haswell/include -L/opt/cray/pe/fftw/3.3.4.10/haswell/lib conftest.c -lrt -lm  >&5
configure:3997: $? = 0
configure:4011: result: -fopenmp
configure:4156: checking for fftw_plan_many_dft in -lfftw3
configure:4181: gcc -march=native -o conftest -O2 -I/usr/local/include -L/usr/local/lib -ffast-math -fomit-frame-pointer -std=gnu99 -fopenmp -L/opt/cray/pe/fftw/3.3.4.10/haswell/include -L/opt/cray/pe/fftw/3.3.4.10/haswell/lib conftest.c -lfftw3  -lrt -lm  >&5
configure:4181: $? = 0
configure:4190: result: yes
configure:4205: checking for fftw_init_threads in -lfftw3_omp
configure:4230: gcc -march=native -o conftest -O2 -I/usr/local/include -L/usr/local/lib -ffast-math -fomit-frame-pointer -std=gnu99 -fopenmp -L/opt/cray/pe/fftw/3.3.4.10/haswell/include -L/opt/cray/pe/fftw/3.3.4.10/haswell/lib conftest.c -lfftw3_omp  -lfftw3 -lrt -lm  >&5
configure:4230: $? = 0
configure:4239: result: yes
configure:4414: checking for size_t
configure:4414: gcc -march=native -c -O2 -I/usr/local/include -L/usr/local/lib -ffast-math -fomit-frame-pointer -std=gnu99 -fopenmp -L/opt/cray/pe/fftw/3.3.4.10/haswell/include conftest.c >&5
configure:4414: $? = 0
configure:4414: gcc -march=native -c -O2 -I/usr/local/include -L/usr/local/lib -ffast-math -fomit-frame-pointer -std=gnu99 -fopenmp -L/opt/cray/pe/fftw/3.3.4.10/haswell/include conftest.c >&5
conftest.c: In function 'main':
conftest.c:68:21: error: expected expression before ')' token
 if (sizeof ((size_t)))
                     ^
configure:4414: $? = 1
configure: failed program was:
| /* confdefs.h */
| #define PACKAGE_NAME "SHTns"
| #define PACKAGE_TARNAME "shtns"
| #define PACKAGE_VERSION "2.6.5"
| #define PACKAGE_STRING "SHTns 2.6.5"
| #define PACKAGE_BUGREPORT ""
| #define PACKAGE_URL "https://bitbucket.org/nschaeff/shtns"
| #define STDC_HEADERS 1
| #define HAVE_SYS_TYPES_H 1
| #define HAVE_SYS_STAT_H 1
| #define HAVE_STDLIB_H 1
| #define HAVE_STRING_H 1
| #define HAVE_MEMORY_H 1
| #define HAVE_STRINGS_H 1
| #define HAVE_INTTYPES_H 1
| #define HAVE_STDINT_H 1
| #define HAVE_UNISTD_H 1
| #define HAVE_STDLIB_H 1
| #define HAVE_STDIO_H 1
| #define HAVE_STRING_H 1
| #define HAVE_MATH_H 1
| #define HAVE_COMPLEX_H 1
| #define HAVE_LIBM 1
| #define HAVE_LIBRT 1
| #define HAVE_LIBFFTW3 1
| #define HAVE_LIBFFTW3_OMP 1
| #define SHT_F77_API 1
| #define _GCC_VEC_ 1
| #define SHTNS_MEM 1
| #define SHT_VERBOSE 1
| /* end confdefs.h.  */
| #include <stdio.h>
| #ifdef HAVE_SYS_TYPES_H
| # include <sys/types.h>
| #endif
| #ifdef HAVE_SYS_STAT_H
| # include <sys/stat.h>
| #endif
| #ifdef STDC_HEADERS
| # include <stdlib.h>
| # include <stddef.h>
| #else
| # ifdef HAVE_STDLIB_H
| #  include <stdlib.h>
| # endif
| #endif
| #ifdef HAVE_STRING_H
| # if !defined STDC_HEADERS && defined HAVE_MEMORY_H
| #  include <memory.h>
| # endif
| # include <string.h>
| #endif
| #ifdef HAVE_STRINGS_H
| # include <strings.h>
| #endif
| #ifdef HAVE_INTTYPES_H
| # include <inttypes.h>
| #endif
| #ifdef HAVE_STDINT_H
| # include <stdint.h>
| #endif
| #ifdef HAVE_UNISTD_H
| # include <unistd.h>
| #endif
| int
| main ()
| {
| if (sizeof ((size_t)))
| 	    return 0;
|   ;
|   return 0;
| }
configure:4414: result: yes
configure:4431: checking for fftw_cost
configure:4431: gcc -march=native -o conftest -O2 -I/usr/local/include -L/usr/local/lib -ffast-math -fomit-frame-pointer -std=gnu99 -fopenmp -L/opt/cray/pe/fftw/3.3.4.10/haswell/include -L/opt/cray/pe/fftw/3.3.4.10/haswell/lib conftest.c -lfftw3_omp -lfftw3 -lrt -lm  >&5
configure:4431: $? = 0
configure:4431: result: yes
configure:4442: checking for inline
configure:4458: gcc -march=native -c -O2 -I/usr/local/include -L/usr/local/lib -ffast-math -fomit-frame-pointer -std=gnu99 -fopenmp -L/opt/cray/pe/fftw/3.3.4.10/haswell/include conftest.c >&5
configure:4458: $? = 0
configure:4466: result: inline
configure:4484: checking whether time.h and sys/time.h may both be included
configure:4504: gcc -march=native -c -O2 -I/usr/local/include -L/usr/local/lib -ffast-math -fomit-frame-pointer -std=gnu99 -fopenmp -L/opt/cray/pe/fftw/3.3.4.10/haswell/include conftest.c >&5
configure:4504: $? = 0
configure:4511: result: yes
configure:4522: checking sys/time.h usability
configure:4522: gcc -march=native -c -O2 -I/usr/local/include -L/usr/local/lib -ffast-math -fomit-frame-pointer -std=gnu99 -fopenmp -L/opt/cray/pe/fftw/3.3.4.10/haswell/include conftest.c >&5
configure:4522: $? = 0
configure:4522: result: yes
configure:4522: checking sys/time.h presence
configure:4522: gcc -march=native -E -L/opt/cray/pe/fftw/3.3.4.10/haswell/include conftest.c
configure:4522: $? = 0
configure:4522: result: yes
configure:4522: checking for sys/time.h
configure:4522: result: yes
configure:4522: checking c_asm.h usability
configure:4522: gcc -march=native -c -O2 -I/usr/local/include -L/usr/local/lib -ffast-math -fomit-frame-pointer -std=gnu99 -fopenmp -L/opt/cray/pe/fftw/3.3.4.10/haswell/include conftest.c >&5
conftest.c:68:19: fatal error: c_asm.h: No such file or directory
 #include <c_asm.h>
                   ^
compilation terminated.
configure:4522: $? = 1
configure: failed program was:
| /* confdefs.h */
| #define PACKAGE_NAME "SHTns"
| #define PACKAGE_TARNAME "shtns"
| #define PACKAGE_VERSION "2.6.5"
| #define PACKAGE_STRING "SHTns 2.6.5"
| #define PACKAGE_BUGREPORT ""
| #define PACKAGE_URL "https://bitbucket.org/nschaeff/shtns"
| #define STDC_HEADERS 1
| #define HAVE_SYS_TYPES_H 1
| #define HAVE_SYS_STAT_H 1
| #define HAVE_STDLIB_H 1
| #define HAVE_STRING_H 1
| #define HAVE_MEMORY_H 1
| #define HAVE_STRINGS_H 1
| #define HAVE_INTTYPES_H 1
| #define HAVE_STDINT_H 1
| #define HAVE_UNISTD_H 1
| #define HAVE_STDLIB_H 1
| #define HAVE_STDIO_H 1
| #define HAVE_STRING_H 1
| #define HAVE_MATH_H 1
| #define HAVE_COMPLEX_H 1
| #define HAVE_LIBM 1
| #define HAVE_LIBRT 1
| #define HAVE_LIBFFTW3 1
| #define HAVE_LIBFFTW3_OMP 1
| #define SHT_F77_API 1
| #define _GCC_VEC_ 1
| #define SHTNS_MEM 1
| #define SHT_VERBOSE 1
| #define HAVE_FFTW_COST 1
| #define TIME_WITH_SYS_TIME 1
| #define HAVE_SYS_TIME_H 1
| /* end confdefs.h.  */
| #include <stdio.h>
| #ifdef HAVE_SYS_TYPES_H
| # include <sys/types.h>
| #endif
| #ifdef HAVE_SYS_STAT_H
| # include <sys/stat.h>
| #endif
| #ifdef STDC_HEADERS
| # include <stdlib.h>
| # include <stddef.h>
| #else
| # ifdef HAVE_STDLIB_H
| #  include <stdlib.h>
| # endif
| #endif
| #ifdef HAVE_STRING_H
| # if !defined STDC_HEADERS && defined HAVE_MEMORY_H
| #  include <memory.h>
| # endif
| # include <string.h>
| #endif
| #ifdef HAVE_STRINGS_H
| # include <strings.h>
| #endif
| #ifdef HAVE_INTTYPES_H
| # include <inttypes.h>
| #endif
| #ifdef HAVE_STDINT_H
| # include <stdint.h>
| #endif
| #ifdef HAVE_UNISTD_H
| # include <unistd.h>
| #endif
| #include <c_asm.h>
configure:4522: result: no
configure:4522: checking c_asm.h presence
configure:4522: gcc -march=native -E -L/opt/cray/pe/fftw/3.3.4.10/haswell/include conftest.c
conftest.c:35:19: fatal error: c_asm.h: No such file or directory
 #include <c_asm.h>
                   ^
compilation terminated.
configure:4522: $? = 1
configure: failed program was:
| /* confdefs.h */
| #define PACKAGE_NAME "SHTns"
| #define PACKAGE_TARNAME "shtns"
| #define PACKAGE_VERSION "2.6.5"
| #define PACKAGE_STRING "SHTns 2.6.5"
| #define PACKAGE_BUGREPORT ""
| #define PACKAGE_URL "https://bitbucket.org/nschaeff/shtns"
| #define STDC_HEADERS 1
| #define HAVE_SYS_TYPES_H 1
| #define HAVE_SYS_STAT_H 1
| #define HAVE_STDLIB_H 1
| #define HAVE_STRING_H 1
| #define HAVE_MEMORY_H 1
| #define HAVE_STRINGS_H 1
| #define HAVE_INTTYPES_H 1
| #define HAVE_STDINT_H 1
| #define HAVE_UNISTD_H 1
| #define HAVE_STDLIB_H 1
| #define HAVE_STDIO_H 1
| #define HAVE_STRING_H 1
| #define HAVE_MATH_H 1
| #define HAVE_COMPLEX_H 1
| #define HAVE_LIBM 1
| #define HAVE_LIBRT 1
| #define HAVE_LIBFFTW3 1
| #define HAVE_LIBFFTW3_OMP 1
| #define SHT_F77_API 1
| #define _GCC_VEC_ 1
| #define SHTNS_MEM 1
| #define SHT_VERBOSE 1
| #define HAVE_FFTW_COST 1
| #define TIME_WITH_SYS_TIME 1
| #define HAVE_SYS_TIME_H 1
| /* end confdefs.h.  */
| #include <c_asm.h>
configure:4522: result: no
configure:4522: checking for c_asm.h
configure:4522: result: no
configure:4522: checking intrinsics.h usability
configure:4522: gcc -march=native -c -O2 -I/usr/local/include -L/usr/local/lib -ffast-math -fomit-frame-pointer -std=gnu99 -fopenmp -L/opt/cray/pe/fftw/3.3.4.10/haswell/include conftest.c >&5
conftest.c:68:24: fatal error: intrinsics.h: No such file or directory
 #include <intrinsics.h>
                        ^
compilation terminated.
configure:4522: $? = 1
configure: failed program was:
| /* confdefs.h */
| #define PACKAGE_NAME "SHTns"
| #define PACKAGE_TARNAME "shtns"
| #define PACKAGE_VERSION "2.6.5"
| #define PACKAGE_STRING "SHTns 2.6.5"
| #define PACKAGE_BUGREPORT ""
| #define PACKAGE_URL "https://bitbucket.org/nschaeff/shtns"
| #define STDC_HEADERS 1
| #define HAVE_SYS_TYPES_H 1
| #define HAVE_SYS_STAT_H 1
| #define HAVE_STDLIB_H 1
| #define HAVE_STRING_H 1
| #define HAVE_MEMORY_H 1
| #define HAVE_STRINGS_H 1
| #define HAVE_INTTYPES_H 1
| #define HAVE_STDINT_H 1
| #define HAVE_UNISTD_H 1
| #define HAVE_STDLIB_H 1
| #define HAVE_STDIO_H 1
| #define HAVE_STRING_H 1
| #define HAVE_MATH_H 1
| #define HAVE_COMPLEX_H 1
| #define HAVE_LIBM 1
| #define HAVE_LIBRT 1
| #define HAVE_LIBFFTW3 1
| #define HAVE_LIBFFTW3_OMP 1
| #define SHT_F77_API 1
| #define _GCC_VEC_ 1
| #define SHTNS_MEM 1
| #define SHT_VERBOSE 1
| #define HAVE_FFTW_COST 1
| #define TIME_WITH_SYS_TIME 1
| #define HAVE_SYS_TIME_H 1
| /* end confdefs.h.  */
| #include <stdio.h>
| #ifdef HAVE_SYS_TYPES_H
| # include <sys/types.h>
| #endif
| #ifdef HAVE_SYS_STAT_H
| # include <sys/stat.h>
| #endif
| #ifdef STDC_HEADERS
| # include <stdlib.h>
| # include <stddef.h>
| #else
| # ifdef HAVE_STDLIB_H
| #  include <stdlib.h>
| # endif
| #endif
| #ifdef HAVE_STRING_H
| # if !defined STDC_HEADERS && defined HAVE_MEMORY_H
| #  include <memory.h>
| # endif
| # include <string.h>
| #endif
| #ifdef HAVE_STRINGS_H
| # include <strings.h>
| #endif
| #ifdef HAVE_INTTYPES_H
| # include <inttypes.h>
| #endif
| #ifdef HAVE_STDINT_H
| # include <stdint.h>
| #endif
| #ifdef HAVE_UNISTD_H
| # include <unistd.h>
| #endif
| #include <intrinsics.h>
configure:4522: result: no
configure:4522: checking intrinsics.h presence
configure:4522: gcc -march=native -E -L/opt/cray/pe/fftw/3.3.4.10/haswell/include conftest.c
conftest.c:35:24: fatal error: intrinsics.h: No such file or directory
 #include <intrinsics.h>
                        ^
compilation terminated.
configure:4522: $? = 1
configure: failed program was:
| /* confdefs.h */
| #define PACKAGE_NAME "SHTns"
| #define PACKAGE_TARNAME "shtns"
| #define PACKAGE_VERSION "2.6.5"
| #define PACKAGE_STRING "SHTns 2.6.5"
| #define PACKAGE_BUGREPORT ""
| #define PACKAGE_URL "https://bitbucket.org/nschaeff/shtns"
| #define STDC_HEADERS 1
| #define HAVE_SYS_TYPES_H 1
| #define HAVE_SYS_STAT_H 1
| #define HAVE_STDLIB_H 1
| #define HAVE_STRING_H 1
| #define HAVE_MEMORY_H 1
| #define HAVE_STRINGS_H 1
| #define HAVE_INTTYPES_H 1
| #define HAVE_STDINT_H 1
| #define HAVE_UNISTD_H 1
| #define HAVE_STDLIB_H 1
| #define HAVE_STDIO_H 1
| #define HAVE_STRING_H 1
| #define HAVE_MATH_H 1
| #define HAVE_COMPLEX_H 1
| #define HAVE_LIBM 1
| #define HAVE_LIBRT 1
| #define HAVE_LIBFFTW3 1
| #define HAVE_LIBFFTW3_OMP 1
| #define SHT_F77_API 1
| #define _GCC_VEC_ 1
| #define SHTNS_MEM 1
| #define SHT_VERBOSE 1
| #define HAVE_FFTW_COST 1
| #define TIME_WITH_SYS_TIME 1
| #define HAVE_SYS_TIME_H 1
| /* end confdefs.h.  */
| #include <intrinsics.h>
configure:4522: result: no
configure:4522: checking for intrinsics.h
configure:4522: result: no
configure:4522: checking mach/mach_time.h usability
configure:4522: gcc -march=native -c -O2 -I/usr/local/include -L/usr/local/lib -ffast-math -fomit-frame-pointer -std=gnu99 -fopenmp -L/opt/cray/pe/fftw/3.3.4.10/haswell/include conftest.c >&5
conftest.c:68:28: fatal error: mach/mach_time.h: No such file or directory
 #include <mach/mach_time.h>
                            ^
compilation terminated.
configure:4522: $? = 1
configure: failed program was:
| /* confdefs.h */
| #define PACKAGE_NAME "SHTns"
| #define PACKAGE_TARNAME "shtns"
| #define PACKAGE_VERSION "2.6.5"
| #define PACKAGE_STRING "SHTns 2.6.5"
| #define PACKAGE_BUGREPORT ""
| #define PACKAGE_URL "https://bitbucket.org/nschaeff/shtns"
| #define STDC_HEADERS 1
| #define HAVE_SYS_TYPES_H 1
| #define HAVE_SYS_STAT_H 1
| #define HAVE_STDLIB_H 1
| #define HAVE_STRING_H 1
| #define HAVE_MEMORY_H 1
| #define HAVE_STRINGS_H 1
| #define HAVE_INTTYPES_H 1
| #define HAVE_STDINT_H 1
| #define HAVE_UNISTD_H 1
| #define HAVE_STDLIB_H 1
| #define HAVE_STDIO_H 1
| #define HAVE_STRING_H 1
| #define HAVE_MATH_H 1
| #define HAVE_COMPLEX_H 1
| #define HAVE_LIBM 1
| #define HAVE_LIBRT 1
| #define HAVE_LIBFFTW3 1
| #define HAVE_LIBFFTW3_OMP 1
| #define SHT_F77_API 1
| #define _GCC_VEC_ 1
| #define SHTNS_MEM 1
| #define SHT_VERBOSE 1
| #define HAVE_FFTW_COST 1
| #define TIME_WITH_SYS_TIME 1
| #define HAVE_SYS_TIME_H 1
| /* end confdefs.h.  */
| #include <stdio.h>
| #ifdef HAVE_SYS_TYPES_H
| # include <sys/types.h>
| #endif
| #ifdef HAVE_SYS_STAT_H
| # include <sys/stat.h>
| #endif
| #ifdef STDC_HEADERS
| # include <stdlib.h>
| # include <stddef.h>
| #else
| # ifdef HAVE_STDLIB_H
| #  include <stdlib.h>
| # endif
| #endif
| #ifdef HAVE_STRING_H
| # if !defined STDC_HEADERS && defined HAVE_MEMORY_H
| #  include <memory.h>
| # endif
| # include <string.h>
| #endif
| #ifdef HAVE_STRINGS_H
| # include <strings.h>
| #endif
| #ifdef HAVE_INTTYPES_H
| # include <inttypes.h>
| #endif
| #ifdef HAVE_STDINT_H
| # include <stdint.h>
| #endif
| #ifdef HAVE_UNISTD_H
| # include <unistd.h>
| #endif
| #include <mach/mach_time.h>
configure:4522: result: no
configure:4522: checking mach/mach_time.h presence
configure:4522: gcc -march=native -E -L/opt/cray/pe/fftw/3.3.4.10/haswell/include conftest.c
conftest.c:35:28: fatal error: mach/mach_time.h: No such file or directory
 #include <mach/mach_time.h>
                            ^
compilation terminated.
configure:4522: $? = 1
configure: failed program was:
| /* confdefs.h */
| #define PACKAGE_NAME "SHTns"
| #define PACKAGE_TARNAME "shtns"
| #define PACKAGE_VERSION "2.6.5"
| #define PACKAGE_STRING "SHTns 2.6.5"
| #define PACKAGE_BUGREPORT ""
| #define PACKAGE_URL "https://bitbucket.org/nschaeff/shtns"
| #define STDC_HEADERS 1
| #define HAVE_SYS_TYPES_H 1
| #define HAVE_SYS_STAT_H 1
| #define HAVE_STDLIB_H 1
| #define HAVE_STRING_H 1
| #define HAVE_MEMORY_H 1
| #define HAVE_STRINGS_H 1
| #define HAVE_INTTYPES_H 1
| #define HAVE_STDINT_H 1
| #define HAVE_UNISTD_H 1
| #define HAVE_STDLIB_H 1
| #define HAVE_STDIO_H 1
| #define HAVE_STRING_H 1
| #define HAVE_MATH_H 1
| #define HAVE_COMPLEX_H 1
| #define HAVE_LIBM 1
| #define HAVE_LIBRT 1
| #define HAVE_LIBFFTW3 1
| #define HAVE_LIBFFTW3_OMP 1
| #define SHT_F77_API 1
| #define _GCC_VEC_ 1
| #define SHTNS_MEM 1
| #define SHT_VERBOSE 1
| #define HAVE_FFTW_COST 1
| #define TIME_WITH_SYS_TIME 1
| #define HAVE_SYS_TIME_H 1
| /* end confdefs.h.  */
| #include <mach/mach_time.h>
configure:4522: result: no
configure:4522: checking for mach/mach_time.h
configure:4522: result: no
configure:4533: checking for hrtime_t
configure:4533: gcc -march=native -c -O2 -I/usr/local/include -L/usr/local/lib -ffast-math -fomit-frame-pointer -std=gnu99 -fopenmp -L/opt/cray/pe/fftw/3.3.4.10/haswell/include conftest.c >&5
conftest.c: In function 'main':
conftest.c:42:13: error: 'hrtime_t' undeclared (first use in this function)
 if (sizeof (hrtime_t))
             ^
conftest.c:42:13: note: each undeclared identifier is reported only once for each function it appears in
configure:4533: $? = 1
configure: failed program was:
| /* confdefs.h */
| #define PACKAGE_NAME "SHTns"
| #define PACKAGE_TARNAME "shtns"
| #define PACKAGE_VERSION "2.6.5"
| #define PACKAGE_STRING "SHTns 2.6.5"
| #define PACKAGE_BUGREPORT ""
| #define PACKAGE_URL "https://bitbucket.org/nschaeff/shtns"
| #define STDC_HEADERS 1
| #define HAVE_SYS_TYPES_H 1
| #define HAVE_SYS_STAT_H 1
| #define HAVE_STDLIB_H 1
| #define HAVE_STRING_H 1
| #define HAVE_MEMORY_H 1
| #define HAVE_STRINGS_H 1
| #define HAVE_INTTYPES_H 1
| #define HAVE_STDINT_H 1
| #define HAVE_UNISTD_H 1
| #define HAVE_STDLIB_H 1
| #define HAVE_STDIO_H 1
| #define HAVE_STRING_H 1
| #define HAVE_MATH_H 1
| #define HAVE_COMPLEX_H 1
| #define HAVE_LIBM 1
| #define HAVE_LIBRT 1
| #define HAVE_LIBFFTW3 1
| #define HAVE_LIBFFTW3_OMP 1
| #define SHT_F77_API 1
| #define _GCC_VEC_ 1
| #define SHTNS_MEM 1
| #define SHT_VERBOSE 1
| #define HAVE_FFTW_COST 1
| #define TIME_WITH_SYS_TIME 1
| #define HAVE_SYS_TIME_H 1
| /* end confdefs.h.  */
| #if HAVE_SYS_TIME_H
| #include <sys/time.h>
| #endif
| 
| int
| main ()
| {
| if (sizeof (hrtime_t))
| 	 return 0;
|   ;
|   return 0;
| }
configure:4533: result: no
configure:4547: checking for gethrtime
configure:4547: gcc -march=native -o conftest -O2 -I/usr/local/include -L/usr/local/lib -ffast-math -fomit-frame-pointer -std=gnu99 -fopenmp -L/opt/cray/pe/fftw/3.3.4.10/haswell/include -L/opt/cray/pe/fftw/3.3.4.10/haswell/lib conftest.c -lfftw3_omp -lfftw3 -lrt -lm  >&5
/tmp/cc4vql0J.o: In function `main':
conftest.c:(.text.startup+0x7): undefined reference to `gethrtime'
collect2: error: ld returned 1 exit status
configure:4547: $? = 1
configure: failed program was:
| /* confdefs.h */
| #define PACKAGE_NAME "SHTns"
| #define PACKAGE_TARNAME "shtns"
| #define PACKAGE_VERSION "2.6.5"
| #define PACKAGE_STRING "SHTns 2.6.5"
| #define PACKAGE_BUGREPORT ""
| #define PACKAGE_URL "https://bitbucket.org/nschaeff/shtns"
| #define STDC_HEADERS 1
| #define HAVE_SYS_TYPES_H 1
| #define HAVE_SYS_STAT_H 1
| #define HAVE_STDLIB_H 1
| #define HAVE_STRING_H 1
| #define HAVE_MEMORY_H 1
| #define HAVE_STRINGS_H 1
| #define HAVE_INTTYPES_H 1
| #define HAVE_STDINT_H 1
| #define HAVE_UNISTD_H 1
| #define HAVE_STDLIB_H 1
| #define HAVE_STDIO_H 1
| #define HAVE_STRING_H 1
| #define HAVE_MATH_H 1
| #define HAVE_COMPLEX_H 1
| #define HAVE_LIBM 1
| #define HAVE_LIBRT 1
| #define HAVE_LIBFFTW3 1
| #define HAVE_LIBFFTW3_OMP 1
| #define SHT_F77_API 1
| #define _GCC_VEC_ 1
| #define SHTNS_MEM 1
| #define SHT_VERBOSE 1
| #define HAVE_FFTW_COST 1
| #define TIME_WITH_SYS_TIME 1
| #define HAVE_SYS_TIME_H 1
| /* end confdefs.h.  */
| /* Define gethrtime to an innocuous variant, in case <limits.h> declares gethrtime.
|    For example, HP-UX 11i <limits.h> declares gettimeofday.  */
| #define gethrtime innocuous_gethrtime
| 
| /* System header to define __stub macros and hopefully few prototypes,
|     which can conflict with char gethrtime (); below.
|     Prefer <limits.h> to <assert.h> if __STDC__ is defined, since
|     <limits.h> exists even on freestanding compilers.  */
| 
| #ifdef __STDC__
| # include <limits.h>
| #else
| # include <assert.h>
| #endif
| 
| #undef gethrtime
| 
| /* Override any GCC internal prototype to avoid an error.
|    Use char because int might match the return type of a GCC
|    builtin and then its argument prototype would still apply.  */
| #ifdef __cplusplus
| extern "C"
| #endif
| char gethrtime ();
| /* The GNU C library defines this for functions which it implements
|     to always fail with ENOSYS.  Some functions are actually named
|     something starting with __ and the normal name is an alias.  */
| #if defined __stub_gethrtime || defined __stub___gethrtime
| choke me
| #endif
| 
| int
| main ()
| {
| return gethrtime ();
|   ;
|   return 0;
| }
configure:4547: result: no
configure:4547: checking for read_real_time
configure:4547: gcc -march=native -o conftest -O2 -I/usr/local/include -L/usr/local/lib -ffast-math -fomit-frame-pointer -std=gnu99 -fopenmp -L/opt/cray/pe/fftw/3.3.4.10/haswell/include -L/opt/cray/pe/fftw/3.3.4.10/haswell/lib conftest.c -lfftw3_omp -lfftw3 -lrt -lm  >&5
/tmp/ccPOETUP.o: In function `main':
conftest.c:(.text.startup+0x7): undefined reference to `read_real_time'
collect2: error: ld returned 1 exit status
configure:4547: $? = 1
configure: failed program was:
| /* confdefs.h */
| #define PACKAGE_NAME "SHTns"
| #define PACKAGE_TARNAME "shtns"
| #define PACKAGE_VERSION "2.6.5"
| #define PACKAGE_STRING "SHTns 2.6.5"
| #define PACKAGE_BUGREPORT ""
| #define PACKAGE_URL "https://bitbucket.org/nschaeff/shtns"
| #define STDC_HEADERS 1
| #define HAVE_SYS_TYPES_H 1
| #define HAVE_SYS_STAT_H 1
| #define HAVE_STDLIB_H 1
| #define HAVE_STRING_H 1
| #define HAVE_MEMORY_H 1
| #define HAVE_STRINGS_H 1
| #define HAVE_INTTYPES_H 1
| #define HAVE_STDINT_H 1
| #define HAVE_UNISTD_H 1
| #define HAVE_STDLIB_H 1
| #define HAVE_STDIO_H 1
| #define HAVE_STRING_H 1
| #define HAVE_MATH_H 1
| #define HAVE_COMPLEX_H 1
| #define HAVE_LIBM 1
| #define HAVE_LIBRT 1
| #define HAVE_LIBFFTW3 1
| #define HAVE_LIBFFTW3_OMP 1
| #define SHT_F77_API 1
| #define _GCC_VEC_ 1
| #define SHTNS_MEM 1
| #define SHT_VERBOSE 1
| #define HAVE_FFTW_COST 1
| #define TIME_WITH_SYS_TIME 1
| #define HAVE_SYS_TIME_H 1
| /* end confdefs.h.  */
| /* Define read_real_time to an innocuous variant, in case <limits.h> declares read_real_time.
|    For example, HP-UX 11i <limits.h> declares gettimeofday.  */
| #define read_real_time innocuous_read_real_time
| 
| /* System header to define __stub macros and hopefully few prototypes,
|     which can conflict with char read_real_time (); below.
|     Prefer <limits.h> to <assert.h> if __STDC__ is defined, since
|     <limits.h> exists even on freestanding compilers.  */
| 
| #ifdef __STDC__
| # include <limits.h>
| #else
| # include <assert.h>
| #endif
| 
| #undef read_real_time
| 
| /* Override any GCC internal prototype to avoid an error.
|    Use char because int might match the return type of a GCC
|    builtin and then its argument prototype would still apply.  */
| #ifdef __cplusplus
| extern "C"
| #endif
| char read_real_time ();
| /* The GNU C library defines this for functions which it implements
|     to always fail with ENOSYS.  Some functions are actually named
|     something starting with __ and the normal name is an alias.  */
| #if defined __stub_read_real_time || defined __stub___read_real_time
| choke me
| #endif
| 
| int
| main ()
| {
| return read_real_time ();
|   ;
|   return 0;
| }
configure:4547: result: no
configure:4547: checking for time_base_to_time
configure:4547: gcc -march=native -o conftest -O2 -I/usr/local/include -L/usr/local/lib -ffast-math -fomit-frame-pointer -std=gnu99 -fopenmp -L/opt/cray/pe/fftw/3.3.4.10/haswell/include -L/opt/cray/pe/fftw/3.3.4.10/haswell/lib conftest.c -lfftw3_omp -lfftw3 -lrt -lm  >&5
/tmp/ccdIZjuU.o: In function `main':
conftest.c:(.text.startup+0x7): undefined reference to `time_base_to_time'
collect2: error: ld returned 1 exit status
configure:4547: $? = 1
configure: failed program was:
| /* confdefs.h */
| #define PACKAGE_NAME "SHTns"
| #define PACKAGE_TARNAME "shtns"
| #define PACKAGE_VERSION "2.6.5"
| #define PACKAGE_STRING "SHTns 2.6.5"
| #define PACKAGE_BUGREPORT ""
| #define PACKAGE_URL "https://bitbucket.org/nschaeff/shtns"
| #define STDC_HEADERS 1
| #define HAVE_SYS_TYPES_H 1
| #define HAVE_SYS_STAT_H 1
| #define HAVE_STDLIB_H 1
| #define HAVE_STRING_H 1
| #define HAVE_MEMORY_H 1
| #define HAVE_STRINGS_H 1
| #define HAVE_INTTYPES_H 1
| #define HAVE_STDINT_H 1
| #define HAVE_UNISTD_H 1
| #define HAVE_STDLIB_H 1
| #define HAVE_STDIO_H 1
| #define HAVE_STRING_H 1
| #define HAVE_MATH_H 1
| #define HAVE_COMPLEX_H 1
| #define HAVE_LIBM 1
| #define HAVE_LIBRT 1
| #define HAVE_LIBFFTW3 1
| #define HAVE_LIBFFTW3_OMP 1
| #define SHT_F77_API 1
| #define _GCC_VEC_ 1
| #define SHTNS_MEM 1
| #define SHT_VERBOSE 1
| #define HAVE_FFTW_COST 1
| #define TIME_WITH_SYS_TIME 1
| #define HAVE_SYS_TIME_H 1
| /* end confdefs.h.  */
| /* Define time_base_to_time to an innocuous variant, in case <limits.h> declares time_base_to_time.
|    For example, HP-UX 11i <limits.h> declares gettimeofday.  */
| #define time_base_to_time innocuous_time_base_to_time
| 
| /* System header to define __stub macros and hopefully few prototypes,
|     which can conflict with char time_base_to_time (); below.
|     Prefer <limits.h> to <assert.h> if __STDC__ is defined, since
|     <limits.h> exists even on freestanding compilers.  */
| 
| #ifdef __STDC__
| # include <limits.h>
| #else
| # include <assert.h>
| #endif
| 
| #undef time_base_to_time
| 
| /* Override any GCC internal prototype to avoid an error.
|    Use char because int might match the return type of a GCC
|    builtin and then its argument prototype would still apply.  */
| #ifdef __cplusplus
| extern "C"
| #endif
| char time_base_to_time ();
| /* The GNU C library defines this for functions which it implements
|     to always fail with ENOSYS.  Some functions are actually named
|     something starting with __ and the normal name is an alias.  */
| #if defined __stub_time_base_to_time || defined __stub___time_base_to_time
| choke me
| #endif
| 
| int
| main ()
| {
| return time_base_to_time ();
|   ;
|   return 0;
| }
configure:4547: result: no
configure:4547: checking for clock_gettime
configure:4547: gcc -march=native -o conftest -O2 -I/usr/local/include -L/usr/local/lib -ffast-math -fomit-frame-pointer -std=gnu99 -fopenmp -L/opt/cray/pe/fftw/3.3.4.10/haswell/include -L/opt/cray/pe/fftw/3.3.4.10/haswell/lib conftest.c -lfftw3_omp -lfftw3 -lrt -lm  >&5
configure:4547: $? = 0
configure:4547: result: yes
configure:4547: checking for mach_absolute_time
configure:4547: gcc -march=native -o conftest -O2 -I/usr/local/include -L/usr/local/lib -ffast-math -fomit-frame-pointer -std=gnu99 -fopenmp -L/opt/cray/pe/fftw/3.3.4.10/haswell/include -L/opt/cray/pe/fftw/3.3.4.10/haswell/lib conftest.c -lfftw3_omp -lfftw3 -lrt -lm  >&5
/tmp/ccbEMgG0.o: In function `main':
conftest.c:(.text.startup+0x7): undefined reference to `mach_absolute_time'
collect2: error: ld returned 1 exit status
configure:4547: $? = 1
configure: failed program was:
| /* confdefs.h */
| #define PACKAGE_NAME "SHTns"
| #define PACKAGE_TARNAME "shtns"
| #define PACKAGE_VERSION "2.6.5"
| #define PACKAGE_STRING "SHTns 2.6.5"
| #define PACKAGE_BUGREPORT ""
| #define PACKAGE_URL "https://bitbucket.org/nschaeff/shtns"
| #define STDC_HEADERS 1
| #define HAVE_SYS_TYPES_H 1
| #define HAVE_SYS_STAT_H 1
| #define HAVE_STDLIB_H 1
| #define HAVE_STRING_H 1
| #define HAVE_MEMORY_H 1
| #define HAVE_STRINGS_H 1
| #define HAVE_INTTYPES_H 1
| #define HAVE_STDINT_H 1
| #define HAVE_UNISTD_H 1
| #define HAVE_STDLIB_H 1
| #define HAVE_STDIO_H 1
| #define HAVE_STRING_H 1
| #define HAVE_MATH_H 1
| #define HAVE_COMPLEX_H 1
| #define HAVE_LIBM 1
| #define HAVE_LIBRT 1
| #define HAVE_LIBFFTW3 1
| #define HAVE_LIBFFTW3_OMP 1
| #define SHT_F77_API 1
| #define _GCC_VEC_ 1
| #define SHTNS_MEM 1
| #define SHT_VERBOSE 1
| #define HAVE_FFTW_COST 1
| #define TIME_WITH_SYS_TIME 1
| #define HAVE_SYS_TIME_H 1
| #define HAVE_CLOCK_GETTIME 1
| /* end confdefs.h.  */
| /* Define mach_absolute_time to an innocuous variant, in case <limits.h> declares mach_absolute_time.
|    For example, HP-UX 11i <limits.h> declares gettimeofday.  */
| #define mach_absolute_time innocuous_mach_absolute_time
| 
| /* System header to define __stub macros and hopefully few prototypes,
|     which can conflict with char mach_absolute_time (); below.
|     Prefer <limits.h> to <assert.h> if __STDC__ is defined, since
|     <limits.h> exists even on freestanding compilers.  */
| 
| #ifdef __STDC__
| # include <limits.h>
| #else
| # include <assert.h>
| #endif
| 
| #undef mach_absolute_time
| 
| /* Override any GCC internal prototype to avoid an error.
|    Use char because int might match the return type of a GCC
|    builtin and then its argument prototype would still apply.  */
| #ifdef __cplusplus
| extern "C"
| #endif
| char mach_absolute_time ();
| /* The GNU C library defines this for functions which it implements
|     to always fail with ENOSYS.  Some functions are actually named
|     something starting with __ and the normal name is an alias.  */
| #if defined __stub_mach_absolute_time || defined __stub___mach_absolute_time
| choke me
| #endif
| 
| int
| main ()
| {
| return mach_absolute_time ();
|   ;
|   return 0;
| }
configure:4547: result: no
configure:4557: checking for _rtc intrinsic
configure:4573: gcc -march=native -o conftest -O2 -I/usr/local/include -L/usr/local/lib -ffast-math -fomit-frame-pointer -std=gnu99 -fopenmp -L/opt/cray/pe/fftw/3.3.4.10/haswell/include -L/opt/cray/pe/fftw/3.3.4.10/haswell/lib conftest.c -lfftw3_omp -lfftw3 -lrt -lm  >&5
conftest.c: In function 'main':
conftest.c:42:1: warning: implicit declaration of function '_rtc' [-Wimplicit-function-declaration]
 _rtc()
 ^
/tmp/ccQmDwT7.o: In function `main':
conftest.c:(.text.startup+0x7): undefined reference to `_rtc'
collect2: error: ld returned 1 exit status
configure:4573: $? = 1
configure: failed program was:
| /* confdefs.h */
| #define PACKAGE_NAME "SHTns"
| #define PACKAGE_TARNAME "shtns"
| #define PACKAGE_VERSION "2.6.5"
| #define PACKAGE_STRING "SHTns 2.6.5"
| #define PACKAGE_BUGREPORT ""
| #define PACKAGE_URL "https://bitbucket.org/nschaeff/shtns"
| #define STDC_HEADERS 1
| #define HAVE_SYS_TYPES_H 1
| #define HAVE_SYS_STAT_H 1
| #define HAVE_STDLIB_H 1
| #define HAVE_STRING_H 1
| #define HAVE_MEMORY_H 1
| #define HAVE_STRINGS_H 1
| #define HAVE_INTTYPES_H 1
| #define HAVE_STDINT_H 1
| #define HAVE_UNISTD_H 1
| #define HAVE_STDLIB_H 1
| #define HAVE_STDIO_H 1
| #define HAVE_STRING_H 1
| #define HAVE_MATH_H 1
| #define HAVE_COMPLEX_H 1
| #define HAVE_LIBM 1
| #define HAVE_LIBRT 1
| #define HAVE_LIBFFTW3 1
| #define HAVE_LIBFFTW3_OMP 1
| #define SHT_F77_API 1
| #define _GCC_VEC_ 1
| #define SHTNS_MEM 1
| #define SHT_VERBOSE 1
| #define HAVE_FFTW_COST 1
| #define TIME_WITH_SYS_TIME 1
| #define HAVE_SYS_TIME_H 1
| #define HAVE_CLOCK_GETTIME 1
| /* end confdefs.h.  */
| #ifdef HAVE_INTRINSICS_H
| #include <intrinsics.h>
| #endif
| int
| main ()
| {
| _rtc()
|   ;
|   return 0;
| }
configure:4582: result: no
configure:4640: checking for gfortran
configure:4670: result: no
configure:4640: checking for g95
configure:4670: result: no
configure:4640: checking for xlf95
configure:4670: result: no
configure:4640: checking for f95
configure:4670: result: no
configure:4640: checking for fort
configure:4670: result: no
configure:4640: checking for ifort
configure:4656: found /opt/intel/compilers_and_libraries_2017.1.132/linux/bin/intel64/ifort
configure:4667: result: ifort
configure:4693: checking for Fortran compiler version
configure:4702: ifort --version >&5
ifort (IFORT) 17.0.1 20161005
Copyright (C) 1985-2016 Intel Corporation.  All rights reserved.

configure:4713: $? = 0
configure:4702: ifort -v >&5
ifort version 17.0.1
configure:4713: $? = 0
configure:4702: ifort -V >&5
Intel(R) Fortran Intel(R) 64 Compiler for applications running on Intel(R) 64, Version 17.0.1.132 Build 20161005
Copyright (C) 1985-2016 Intel Corporation.  All rights reserved.

configure:4713: $? = 0
configure:4702: ifort -qversion >&5
ifort: command line warning #10006: ignoring unknown option '-qversion'
ifort: command line error: no files specified; for help type "ifort -help"
configure:4713: $? = 1
configure:4722: checking whether we are using the GNU Fortran compiler
configure:4735: ifort -c   conftest.F >&5
conftest.F(3): error #5082: Syntax error, found END-OF-STATEMENT when expecting one of: => = . [ % ( :
       choke me
---------------^
compilation aborted for conftest.F (code 1)
configure:4735: $? = 1
configure: failed program was:
|       program main
| #ifndef __GNUC__
|        choke me
| #endif
| 
|       end
configure:4744: result: no
configure:4750: checking whether ifort accepts -g
configure:4761: ifort -c -g  conftest.f >&5
configure:4761: $? = 0
configure:4769: result: yes
configure:4922: creating ./config.status

## ---------------------- ##
## Running config.status. ##
## ---------------------- ##

This file was extended by SHTns config.status 2.6.5, which was
generated by GNU Autoconf 2.69.  Invocation command line was

  CONFIG_FILES    = 
  CONFIG_HEADERS  = 
  CONFIG_LINKS    = 
  CONFIG_COMMANDS = 
  $ ./config.status 

on cori03

config.status:829: creating Makefile
config.status:829: creating setup.py
config.status:829: creating sht_config.h

## ---------------- ##
## Cache variables. ##
## ---------------- ##

ac_cv_c_compiler_gnu=yes
ac_cv_c_inline=inline
ac_cv_env_CC_set=
ac_cv_env_CC_value=
ac_cv_env_CFLAGS_set=
ac_cv_env_CFLAGS_value=
ac_cv_env_CPPFLAGS_set=set
ac_cv_env_CPPFLAGS_value=-L/opt/cray/pe/fftw/3.3.4.10/haswell/include
ac_cv_env_CPP_set=
ac_cv_env_CPP_value=
ac_cv_env_FCFLAGS_set=
ac_cv_env_FCFLAGS_value=
ac_cv_env_FC_set=
ac_cv_env_FC_value=
ac_cv_env_LDFLAGS_set=set
ac_cv_env_LDFLAGS_value=-L/opt/cray/pe/fftw/3.3.4.10/haswell/lib
ac_cv_env_LIBS_set=
ac_cv_env_LIBS_value=
ac_cv_env_PYTHON_set=
ac_cv_env_PYTHON_value=
ac_cv_env_build_alias_set=
ac_cv_env_build_alias_value=
ac_cv_env_host_alias_set=
ac_cv_env_host_alias_value=
ac_cv_env_target_alias_set=
ac_cv_env_target_alias_value=
ac_cv_fc_compiler_gnu=no
ac_cv_func_clock_gettime=yes
ac_cv_func_fftw_cost=yes
ac_cv_func_gethrtime=no
ac_cv_func_mach_absolute_time=no
ac_cv_func_read_real_time=no
ac_cv_func_time_base_to_time=no
ac_cv_header_c_asm_h=no
ac_cv_header_complex_h=yes
ac_cv_header_intrinsics_h=no
ac_cv_header_inttypes_h=yes
ac_cv_header_mach_mach_time_h=no
ac_cv_header_math_h=yes
ac_cv_header_memory_h=yes
ac_cv_header_stdc=yes
ac_cv_header_stdint_h=yes
ac_cv_header_stdio_h=yes
ac_cv_header_stdlib_h=yes
ac_cv_header_string_h=yes
ac_cv_header_strings_h=yes
ac_cv_header_sys_stat_h=yes
ac_cv_header_sys_time_h=yes
ac_cv_header_sys_types_h=yes
ac_cv_header_time=yes
ac_cv_header_unistd_h=yes
ac_cv_lib_fftw3_fftw_plan_many_dft=yes
ac_cv_lib_fftw3_omp_fftw_init_threads=yes
ac_cv_lib_m_cos=yes
ac_cv_lib_rt_clock_gettime=yes
ac_cv_objext=o
ac_cv_path_EGREP='/usr/bin/grep -E'
ac_cv_path_GREP=/usr/bin/grep
ac_cv_path_SED=/usr/bin/sed
ac_cv_prog_CPP='gcc -march=native -E'
ac_cv_prog_ac_ct_CC=gcc
ac_cv_prog_ac_ct_FC=ifort
ac_cv_prog_c_openmp=-fopenmp
ac_cv_prog_cc_c89=
ac_cv_prog_cc_g=yes
ac_cv_prog_fc_g=yes
ac_cv_type_hrtime_t=no
ac_cv_type_size_t=yes
ax_cv_check_cflags___ffast_math=yes
ax_cv_check_cflags___fomit_frame_pointer=yes
ax_cv_check_cflags___march_native=yes
ax_cv_check_cflags___std_gnu99=yes

## ----------------- ##
## Output variables. ##
## ----------------- ##

CC='gcc -march=native'
CFLAGS='-O2 -I/usr/local/include -L/usr/local/lib -ffast-math -fomit-frame-pointer -std=gnu99 -fopenmp'
CPP='gcc -march=native -E'
CPPFLAGS='-L/opt/cray/pe/fftw/3.3.4.10/haswell/include'
DEFS='-DHAVE_CONFIG_H'
ECHO_C=''
ECHO_N='-n'
ECHO_T=''
EGREP='/usr/bin/grep -E'
EXEEXT=''
FC='ifort'
FCFLAGS='-g'
GREP='/usr/bin/grep'
LDFLAGS='-L/opt/cray/pe/fftw/3.3.4.10/haswell/lib'
LIBOBJS=''
LIBS='-lfftw3_omp -lfftw3 -lrt -lm '
LTLIBOBJS=''
OBJEXT='o'
OPENMP_CFLAGS='-fopenmp'
PACKAGE_BUGREPORT=''
PACKAGE_NAME='SHTns'
PACKAGE_STRING='SHTns 2.6.5'
PACKAGE_TARNAME='shtns'
PACKAGE_URL='https://bitbucket.org/nschaeff/shtns'
PACKAGE_VERSION='2.6.5'
PATH_SEPARATOR=':'
PYTHON=''
SED='/usr/bin/sed'
SHELL='/bin/sh'
ac_ct_CC='gcc'
ac_ct_FC='ifort'
bindir='${exec_prefix}/bin'
build_alias=''
datadir='${datarootdir}'
datarootdir='${prefix}/share'
docdir='${datarootdir}/doc/${PACKAGE_TARNAME}'
dvidir='${docdir}'
exec_prefix='${prefix}'
host_alias=''
htmldir='${docdir}'
includedir='${prefix}/include'
infodir='${datarootdir}/info'
install='install-lib'
libdir='${exec_prefix}/lib'
libexecdir='${exec_prefix}/libexec'
libname='libshtns_omp.a'
localedir='${datarootdir}/locale'
localstatedir='${prefix}/var'
mandir='${datarootdir}/man'
numpy_inc=''
objs='sht_fly.o sht_omp.o sht_mem.o'
oldincludedir='/usr/include'
pdfdir='${docdir}'
prefix='/usr/local'
program_transform_name='s,x,x,'
psdir='${docdir}'
python_inc=''
sbindir='${exec_prefix}/sbin'
sharedstatedir='${prefix}/com'
shtcc_flags='-O3'
sysconfdir='${prefix}/etc'
target='libshtns_omp.a'
target_alias=''

## ----------- ##
## confdefs.h. ##
## ----------- ##

/* confdefs.h */
#define PACKAGE_NAME "SHTns"
#define PACKAGE_TARNAME "shtns"
#define PACKAGE_VERSION "2.6.5"
#define PACKAGE_STRING "SHTns 2.6.5"
#define PACKAGE_BUGREPORT ""
#define PACKAGE_URL "https://bitbucket.org/nschaeff/shtns"
#define STDC_HEADERS 1
#define HAVE_SYS_TYPES_H 1
#define HAVE_SYS_STAT_H 1
#define HAVE_STDLIB_H 1
#define HAVE_STRING_H 1
#define HAVE_MEMORY_H 1
#define HAVE_STRINGS_H 1
#define HAVE_INTTYPES_H 1
#define HAVE_STDINT_H 1
#define HAVE_UNISTD_H 1
#define HAVE_STDLIB_H 1
#define HAVE_STDIO_H 1
#define HAVE_STRING_H 1
#define HAVE_MATH_H 1
#define HAVE_COMPLEX_H 1
#define HAVE_LIBM 1
#define HAVE_LIBRT 1
#define HAVE_LIBFFTW3 1
#define HAVE_LIBFFTW3_OMP 1
#define SHT_F77_API 1
#define _GCC_VEC_ 1
#define SHTNS_MEM 1
#define SHT_VERBOSE 1
#define HAVE_FFTW_COST 1
#define TIME_WITH_SYS_TIME 1
#define HAVE_SYS_TIME_H 1
#define HAVE_CLOCK_GETTIME 1

configure: exit 0
